[2024-06-27T16:27:18.553+0000] {local_task_job_runner.py:120} INFO - ::group::Pre task execution logs
[2024-06-27T16:27:18.573+0000] {taskinstance.py:2076} INFO - Dependencies all met for dep_context=non-requeueable deps ti=<TaskInstance: preprocess_data.wait_for_download manual__2024-06-27T16:15:51.978894+00:00 [queued]>
[2024-06-27T16:27:18.576+0000] {taskinstance.py:2076} INFO - Dependencies all met for dep_context=requeueable deps ti=<TaskInstance: preprocess_data.wait_for_download manual__2024-06-27T16:15:51.978894+00:00 [queued]>
[2024-06-27T16:27:18.576+0000] {taskinstance.py:2306} INFO - Starting attempt 2 of 2
[2024-06-27T16:27:18.582+0000] {taskinstance.py:2330} INFO - Executing <Task(ExternalTaskSensor): wait_for_download> on 2024-06-27 16:15:51.978894+00:00
[2024-06-27T16:27:18.588+0000] {warnings.py:112} WARNING - /home/***/.local/lib/python3.12/site-packages/***/task/task_runner/standard_task_runner.py:61: DeprecationWarning: This process (pid=55) is multi-threaded, use of fork() may lead to deadlocks in the child.
  pid = os.fork()

[2024-06-27T16:27:18.590+0000] {standard_task_runner.py:63} INFO - Started process 61 to run task
[2024-06-27T16:27:18.590+0000] {standard_task_runner.py:90} INFO - Running: ['***', 'tasks', 'run', 'preprocess_data', 'wait_for_download', 'manual__2024-06-27T16:15:51.978894+00:00', '--job-id', '9', '--raw', '--subdir', 'DAGS_FOLDER/preprocess_data.py', '--cfg-path', '/tmp/tmpcq72fc8c']
[2024-06-27T16:27:18.592+0000] {standard_task_runner.py:91} INFO - Job 9: Subtask wait_for_download
[2024-06-27T16:27:18.603+0000] {warnings.py:112} WARNING - /home/***/.local/lib/python3.12/site-packages/***/settings.py:195: DeprecationWarning: The sql_alchemy_conn option in [core] has been moved to the sql_alchemy_conn option in [database] - the old setting has been used, but please update your config.
  SQL_ALCHEMY_CONN = conf.get("database", "SQL_ALCHEMY_CONN")

[2024-06-27T16:27:18.637+0000] {task_command.py:426} INFO - Running <TaskInstance: preprocess_data.wait_for_download manual__2024-06-27T16:15:51.978894+00:00 [running]> on host dc4243757e06
[2024-06-27T16:27:18.705+0000] {taskinstance.py:2648} INFO - Exporting env vars: AIRFLOW_CTX_DAG_OWNER='***' AIRFLOW_CTX_DAG_ID='preprocess_data' AIRFLOW_CTX_TASK_ID='wait_for_download' AIRFLOW_CTX_EXECUTION_DATE='2024-06-27T16:15:51.978894+00:00' AIRFLOW_CTX_TRY_NUMBER='2' AIRFLOW_CTX_DAG_RUN_ID='manual__2024-06-27T16:15:51.978894+00:00'
[2024-06-27T16:27:18.707+0000] {taskinstance.py:430} INFO - ::endgroup::
[2024-06-27T16:27:18.718+0000] {baseoperator.py:400} WARNING - ExternalTaskSensor.execute cannot be called outside TaskInstance!
[2024-06-27T16:27:18.718+0000] {external_task.py:258} INFO - Poking for tasks ['download_stock_data'] in dag download_data on 2024-06-27T16:15:51.978894+00:00 ... 
[2024-06-27T16:27:18.719+0000] {warnings.py:112} WARNING - /home/***/.local/lib/python3.12/site-packages/***/utils/session.py:79: DeprecationWarning: This method is deprecated and will be removed in future.
  return func(*args, session=session, **kwargs)

[2024-06-27T16:28:19.402+0000] {external_task.py:258} INFO - Poking for tasks ['download_stock_data'] in dag download_data on 2024-06-27T16:15:51.978894+00:00 ... 
[2024-06-27T16:29:23.362+0000] {external_task.py:258} INFO - Poking for tasks ['download_stock_data'] in dag download_data on 2024-06-27T16:15:51.978894+00:00 ... 
[2024-06-27T16:30:23.473+0000] {external_task.py:258} INFO - Poking for tasks ['download_stock_data'] in dag download_data on 2024-06-27T16:15:51.978894+00:00 ... 
[2024-06-27T16:31:23.537+0000] {external_task.py:258} INFO - Poking for tasks ['download_stock_data'] in dag download_data on 2024-06-27T16:15:51.978894+00:00 ... 
[2024-06-27T16:32:23.637+0000] {external_task.py:258} INFO - Poking for tasks ['download_stock_data'] in dag download_data on 2024-06-27T16:15:51.978894+00:00 ... 
[2024-06-27T16:33:23.710+0000] {external_task.py:258} INFO - Poking for tasks ['download_stock_data'] in dag download_data on 2024-06-27T16:15:51.978894+00:00 ... 
