[2024-06-27T17:06:29.115+0000] {local_task_job_runner.py:120} INFO - ::group::Pre task execution logs
[2024-06-27T17:06:29.130+0000] {taskinstance.py:2076} INFO - Dependencies all met for dep_context=non-requeueable deps ti=<TaskInstance: preprocess_data.wait_for_download manual__2024-06-27T17:06:26.479798+00:00 [queued]>
[2024-06-27T17:06:29.134+0000] {taskinstance.py:2076} INFO - Dependencies all met for dep_context=requeueable deps ti=<TaskInstance: preprocess_data.wait_for_download manual__2024-06-27T17:06:26.479798+00:00 [queued]>
[2024-06-27T17:06:29.134+0000] {taskinstance.py:2306} INFO - Starting attempt 1 of 2
[2024-06-27T17:06:29.142+0000] {taskinstance.py:2330} INFO - Executing <Task(ExternalTaskSensor): wait_for_download> on 2024-06-27 17:06:26.479798+00:00
[2024-06-27T17:06:29.148+0000] {warnings.py:112} WARNING - /home/***/.local/lib/python3.12/site-packages/***/task/task_runner/standard_task_runner.py:61: DeprecationWarning: This process (pid=52) is multi-threaded, use of fork() may lead to deadlocks in the child.
  pid = os.fork()

[2024-06-27T17:06:29.150+0000] {standard_task_runner.py:63} INFO - Started process 58 to run task
[2024-06-27T17:06:29.150+0000] {standard_task_runner.py:90} INFO - Running: ['***', 'tasks', 'run', 'preprocess_data', 'wait_for_download', 'manual__2024-06-27T17:06:26.479798+00:00', '--job-id', '32', '--raw', '--subdir', 'DAGS_FOLDER/preprocess_data.py', '--cfg-path', '/tmp/tmpl1j6w6id']
[2024-06-27T17:06:29.152+0000] {standard_task_runner.py:91} INFO - Job 32: Subtask wait_for_download
[2024-06-27T17:06:29.163+0000] {warnings.py:112} WARNING - /home/***/.local/lib/python3.12/site-packages/***/settings.py:195: DeprecationWarning: The sql_alchemy_conn option in [core] has been moved to the sql_alchemy_conn option in [database] - the old setting has been used, but please update your config.
  SQL_ALCHEMY_CONN = conf.get("database", "SQL_ALCHEMY_CONN")

[2024-06-27T17:06:29.199+0000] {task_command.py:426} INFO - Running <TaskInstance: preprocess_data.wait_for_download manual__2024-06-27T17:06:26.479798+00:00 [running]> on host 7a93ce5d799c
[2024-06-27T17:06:29.273+0000] {taskinstance.py:2648} INFO - Exporting env vars: AIRFLOW_CTX_DAG_OWNER='***' AIRFLOW_CTX_DAG_ID='preprocess_data' AIRFLOW_CTX_TASK_ID='wait_for_download' AIRFLOW_CTX_EXECUTION_DATE='2024-06-27T17:06:26.479798+00:00' AIRFLOW_CTX_TRY_NUMBER='1' AIRFLOW_CTX_DAG_RUN_ID='manual__2024-06-27T17:06:26.479798+00:00'
[2024-06-27T17:06:29.274+0000] {taskinstance.py:430} INFO - ::endgroup::
[2024-06-27T17:06:29.285+0000] {baseoperator.py:400} WARNING - ExternalTaskSensor.execute cannot be called outside TaskInstance!
[2024-06-27T17:06:29.298+0000] {external_task.py:258} INFO - Poking for tasks ['download_stock_data'] in dag download_data on 2024-06-27T17:06:26.479798+00:00 ... 
[2024-06-27T17:06:29.298+0000] {warnings.py:112} WARNING - /home/***/.local/lib/python3.12/site-packages/***/utils/session.py:79: DeprecationWarning: This method is deprecated and will be removed in future.
  return func(*args, session=session, **kwargs)

[2024-06-27T17:06:29.307+0000] {taskinstance.py:441} INFO - ::group::Post task execution logs
[2024-06-27T17:06:29.318+0000] {taskinstance.py:2865} INFO - Rescheduling task, marking task as UP_FOR_RESCHEDULE
[2024-06-27T17:06:29.369+0000] {local_task_job_runner.py:240} INFO - Task exited with return code 0
[2024-06-27T17:06:29.386+0000] {taskinstance.py:3503} INFO - 0 downstream tasks scheduled from follow-on schedule check
[2024-06-27T17:06:29.386+0000] {local_task_job_runner.py:222} INFO - ::endgroup::
[2024-06-27T17:07:31.007+0000] {local_task_job_runner.py:120} INFO - ::group::Pre task execution logs
[2024-06-27T17:07:31.024+0000] {taskinstance.py:2076} INFO - Dependencies all met for dep_context=non-requeueable deps ti=<TaskInstance: preprocess_data.wait_for_download manual__2024-06-27T17:06:26.479798+00:00 [queued]>
[2024-06-27T17:07:31.028+0000] {taskinstance.py:2076} INFO - Dependencies all met for dep_context=requeueable deps ti=<TaskInstance: preprocess_data.wait_for_download manual__2024-06-27T17:06:26.479798+00:00 [queued]>
[2024-06-27T17:07:31.028+0000] {taskinstance.py:2306} INFO - Starting attempt 1 of 2
[2024-06-27T17:07:31.035+0000] {taskinstance.py:2330} INFO - Executing <Task(ExternalTaskSensor): wait_for_download> on 2024-06-27 17:06:26.479798+00:00
[2024-06-27T17:07:31.044+0000] {warnings.py:112} WARNING - /home/***/.local/lib/python3.12/site-packages/***/task/task_runner/standard_task_runner.py:61: DeprecationWarning: This process (pid=66) is multi-threaded, use of fork() may lead to deadlocks in the child.
  pid = os.fork()

[2024-06-27T17:07:31.046+0000] {standard_task_runner.py:63} INFO - Started process 72 to run task
[2024-06-27T17:07:31.047+0000] {standard_task_runner.py:90} INFO - Running: ['***', 'tasks', 'run', 'preprocess_data', 'wait_for_download', 'manual__2024-06-27T17:06:26.479798+00:00', '--job-id', '34', '--raw', '--subdir', 'DAGS_FOLDER/preprocess_data.py', '--cfg-path', '/tmp/tmpq5j3grfj']
[2024-06-27T17:07:31.050+0000] {standard_task_runner.py:91} INFO - Job 34: Subtask wait_for_download
[2024-06-27T17:07:31.061+0000] {warnings.py:112} WARNING - /home/***/.local/lib/python3.12/site-packages/***/settings.py:195: DeprecationWarning: The sql_alchemy_conn option in [core] has been moved to the sql_alchemy_conn option in [database] - the old setting has been used, but please update your config.
  SQL_ALCHEMY_CONN = conf.get("database", "SQL_ALCHEMY_CONN")

[2024-06-27T17:07:31.089+0000] {task_command.py:426} INFO - Running <TaskInstance: preprocess_data.wait_for_download manual__2024-06-27T17:06:26.479798+00:00 [running]> on host 7a93ce5d799c
[2024-06-27T17:07:31.146+0000] {taskinstance.py:2648} INFO - Exporting env vars: AIRFLOW_CTX_DAG_OWNER='***' AIRFLOW_CTX_DAG_ID='preprocess_data' AIRFLOW_CTX_TASK_ID='wait_for_download' AIRFLOW_CTX_EXECUTION_DATE='2024-06-27T17:06:26.479798+00:00' AIRFLOW_CTX_TRY_NUMBER='1' AIRFLOW_CTX_DAG_RUN_ID='manual__2024-06-27T17:06:26.479798+00:00'
[2024-06-27T17:07:31.148+0000] {taskinstance.py:430} INFO - ::endgroup::
[2024-06-27T17:07:31.159+0000] {baseoperator.py:400} WARNING - ExternalTaskSensor.execute cannot be called outside TaskInstance!
[2024-06-27T17:07:31.168+0000] {external_task.py:258} INFO - Poking for tasks ['download_stock_data'] in dag download_data on 2024-06-27T17:06:26.479798+00:00 ... 
[2024-06-27T17:07:31.168+0000] {warnings.py:112} WARNING - /home/***/.local/lib/python3.12/site-packages/***/utils/session.py:79: DeprecationWarning: This method is deprecated and will be removed in future.
  return func(*args, session=session, **kwargs)

[2024-06-27T17:07:31.176+0000] {taskinstance.py:441} INFO - ::group::Post task execution logs
[2024-06-27T17:07:31.189+0000] {taskinstance.py:2865} INFO - Rescheduling task, marking task as UP_FOR_RESCHEDULE
[2024-06-27T17:07:31.221+0000] {local_task_job_runner.py:240} INFO - Task exited with return code 0
[2024-06-27T17:07:31.232+0000] {local_task_job_runner.py:222} INFO - ::endgroup::
[2024-06-27T17:08:33.523+0000] {local_task_job_runner.py:120} INFO - ::group::Pre task execution logs
[2024-06-27T17:08:33.554+0000] {taskinstance.py:2076} INFO - Dependencies all met for dep_context=non-requeueable deps ti=<TaskInstance: preprocess_data.wait_for_download manual__2024-06-27T17:06:26.479798+00:00 [queued]>
[2024-06-27T17:08:33.559+0000] {taskinstance.py:2076} INFO - Dependencies all met for dep_context=requeueable deps ti=<TaskInstance: preprocess_data.wait_for_download manual__2024-06-27T17:06:26.479798+00:00 [queued]>
[2024-06-27T17:08:33.559+0000] {taskinstance.py:2306} INFO - Starting attempt 1 of 2
[2024-06-27T17:08:33.566+0000] {taskinstance.py:2330} INFO - Executing <Task(ExternalTaskSensor): wait_for_download> on 2024-06-27 17:06:26.479798+00:00
[2024-06-27T17:08:33.577+0000] {warnings.py:112} WARNING - /home/***/.local/lib/python3.12/site-packages/***/task/task_runner/standard_task_runner.py:61: DeprecationWarning: This process (pid=80) is multi-threaded, use of fork() may lead to deadlocks in the child.
  pid = os.fork()

[2024-06-27T17:08:33.579+0000] {standard_task_runner.py:63} INFO - Started process 86 to run task
[2024-06-27T17:08:33.579+0000] {standard_task_runner.py:90} INFO - Running: ['***', 'tasks', 'run', 'preprocess_data', 'wait_for_download', 'manual__2024-06-27T17:06:26.479798+00:00', '--job-id', '36', '--raw', '--subdir', 'DAGS_FOLDER/preprocess_data.py', '--cfg-path', '/tmp/tmpxjda5ru3']
[2024-06-27T17:08:33.581+0000] {standard_task_runner.py:91} INFO - Job 36: Subtask wait_for_download
[2024-06-27T17:08:33.603+0000] {warnings.py:112} WARNING - /home/***/.local/lib/python3.12/site-packages/***/settings.py:195: DeprecationWarning: The sql_alchemy_conn option in [core] has been moved to the sql_alchemy_conn option in [database] - the old setting has been used, but please update your config.
  SQL_ALCHEMY_CONN = conf.get("database", "SQL_ALCHEMY_CONN")

[2024-06-27T17:08:33.638+0000] {task_command.py:426} INFO - Running <TaskInstance: preprocess_data.wait_for_download manual__2024-06-27T17:06:26.479798+00:00 [running]> on host 7a93ce5d799c
[2024-06-27T17:08:33.716+0000] {taskinstance.py:2648} INFO - Exporting env vars: AIRFLOW_CTX_DAG_OWNER='***' AIRFLOW_CTX_DAG_ID='preprocess_data' AIRFLOW_CTX_TASK_ID='wait_for_download' AIRFLOW_CTX_EXECUTION_DATE='2024-06-27T17:06:26.479798+00:00' AIRFLOW_CTX_TRY_NUMBER='1' AIRFLOW_CTX_DAG_RUN_ID='manual__2024-06-27T17:06:26.479798+00:00'
[2024-06-27T17:08:33.717+0000] {taskinstance.py:430} INFO - ::endgroup::
[2024-06-27T17:08:33.730+0000] {baseoperator.py:400} WARNING - ExternalTaskSensor.execute cannot be called outside TaskInstance!
[2024-06-27T17:08:33.738+0000] {external_task.py:258} INFO - Poking for tasks ['download_stock_data'] in dag download_data on 2024-06-27T17:06:26.479798+00:00 ... 
[2024-06-27T17:08:33.739+0000] {warnings.py:112} WARNING - /home/***/.local/lib/python3.12/site-packages/***/utils/session.py:79: DeprecationWarning: This method is deprecated and will be removed in future.
  return func(*args, session=session, **kwargs)

[2024-06-27T17:08:33.750+0000] {taskinstance.py:441} INFO - ::group::Post task execution logs
[2024-06-27T17:08:33.763+0000] {taskinstance.py:2865} INFO - Rescheduling task, marking task as UP_FOR_RESCHEDULE
[2024-06-27T17:08:33.794+0000] {local_task_job_runner.py:240} INFO - Task exited with return code 0
[2024-06-27T17:08:33.821+0000] {taskinstance.py:3503} INFO - 0 downstream tasks scheduled from follow-on schedule check
[2024-06-27T17:08:33.822+0000] {local_task_job_runner.py:222} INFO - ::endgroup::
[2024-06-27T17:09:41.345+0000] {local_task_job_runner.py:120} INFO - ::group::Pre task execution logs
[2024-06-27T17:09:42.227+0000] {taskinstance.py:2076} INFO - Dependencies all met for dep_context=non-requeueable deps ti=<TaskInstance: preprocess_data.wait_for_download manual__2024-06-27T17:06:26.479798+00:00 [queued]>
[2024-06-27T17:09:42.443+0000] {taskinstance.py:2076} INFO - Dependencies all met for dep_context=requeueable deps ti=<TaskInstance: preprocess_data.wait_for_download manual__2024-06-27T17:06:26.479798+00:00 [queued]>
[2024-06-27T17:09:42.454+0000] {taskinstance.py:2306} INFO - Starting attempt 1 of 2
[2024-06-27T17:09:43.825+0000] {taskinstance.py:2330} INFO - Executing <Task(ExternalTaskSensor): wait_for_download> on 2024-06-27 17:06:26.479798+00:00
[2024-06-27T17:09:43.934+0000] {warnings.py:112} WARNING - /home/***/.local/lib/python3.12/site-packages/***/task/task_runner/standard_task_runner.py:61: DeprecationWarning: This process (pid=94) is multi-threaded, use of fork() may lead to deadlocks in the child.
  pid = os.fork()

[2024-06-27T17:09:43.966+0000] {standard_task_runner.py:63} INFO - Started process 100 to run task
[2024-06-27T17:09:43.956+0000] {standard_task_runner.py:90} INFO - Running: ['***', 'tasks', 'run', 'preprocess_data', 'wait_for_download', 'manual__2024-06-27T17:06:26.479798+00:00', '--job-id', '38', '--raw', '--subdir', 'DAGS_FOLDER/preprocess_data.py', '--cfg-path', '/tmp/tmpc4apwe4i']
[2024-06-27T17:09:43.980+0000] {standard_task_runner.py:91} INFO - Job 38: Subtask wait_for_download
[2024-06-27T17:09:44.279+0000] {warnings.py:112} WARNING - /home/***/.local/lib/python3.12/site-packages/***/settings.py:195: DeprecationWarning: The sql_alchemy_conn option in [core] has been moved to the sql_alchemy_conn option in [database] - the old setting has been used, but please update your config.
  SQL_ALCHEMY_CONN = conf.get("database", "SQL_ALCHEMY_CONN")

[2024-06-27T17:09:44.387+0000] {task_command.py:426} INFO - Running <TaskInstance: preprocess_data.wait_for_download manual__2024-06-27T17:06:26.479798+00:00 [running]> on host 7a93ce5d799c
[2024-06-27T17:09:44.559+0000] {taskinstance.py:2648} INFO - Exporting env vars: AIRFLOW_CTX_DAG_OWNER='***' AIRFLOW_CTX_DAG_ID='preprocess_data' AIRFLOW_CTX_TASK_ID='wait_for_download' AIRFLOW_CTX_EXECUTION_DATE='2024-06-27T17:06:26.479798+00:00' AIRFLOW_CTX_TRY_NUMBER='1' AIRFLOW_CTX_DAG_RUN_ID='manual__2024-06-27T17:06:26.479798+00:00'
[2024-06-27T17:09:44.563+0000] {taskinstance.py:430} INFO - ::endgroup::
[2024-06-27T17:09:44.594+0000] {baseoperator.py:400} WARNING - ExternalTaskSensor.execute cannot be called outside TaskInstance!
[2024-06-27T17:09:44.607+0000] {external_task.py:258} INFO - Poking for tasks ['download_stock_data'] in dag download_data on 2024-06-27T17:06:26.479798+00:00 ... 
[2024-06-27T17:09:44.609+0000] {warnings.py:112} WARNING - /home/***/.local/lib/python3.12/site-packages/***/utils/session.py:79: DeprecationWarning: This method is deprecated and will be removed in future.
  return func(*args, session=session, **kwargs)

[2024-06-27T17:09:44.620+0000] {taskinstance.py:441} INFO - ::group::Post task execution logs
[2024-06-27T17:09:44.635+0000] {taskinstance.py:2865} INFO - Rescheduling task, marking task as UP_FOR_RESCHEDULE
[2024-06-27T17:09:44.660+0000] {local_task_job_runner.py:240} INFO - Task exited with return code 0
[2024-06-27T17:09:44.701+0000] {taskinstance.py:3503} INFO - 0 downstream tasks scheduled from follow-on schedule check
[2024-06-27T17:09:44.702+0000] {local_task_job_runner.py:222} INFO - ::endgroup::
[2024-06-27T17:10:46.628+0000] {local_task_job_runner.py:120} INFO - ::group::Pre task execution logs
[2024-06-27T17:10:46.650+0000] {taskinstance.py:2076} INFO - Dependencies all met for dep_context=non-requeueable deps ti=<TaskInstance: preprocess_data.wait_for_download manual__2024-06-27T17:06:26.479798+00:00 [queued]>
[2024-06-27T17:10:46.661+0000] {taskinstance.py:2076} INFO - Dependencies all met for dep_context=requeueable deps ti=<TaskInstance: preprocess_data.wait_for_download manual__2024-06-27T17:06:26.479798+00:00 [queued]>
[2024-06-27T17:10:46.663+0000] {taskinstance.py:2306} INFO - Starting attempt 1 of 2
[2024-06-27T17:10:46.680+0000] {taskinstance.py:2330} INFO - Executing <Task(ExternalTaskSensor): wait_for_download> on 2024-06-27 17:06:26.479798+00:00
[2024-06-27T17:10:46.699+0000] {warnings.py:112} WARNING - /home/***/.local/lib/python3.12/site-packages/***/task/task_runner/standard_task_runner.py:61: DeprecationWarning: This process (pid=108) is multi-threaded, use of fork() may lead to deadlocks in the child.
  pid = os.fork()

[2024-06-27T17:10:46.701+0000] {standard_task_runner.py:63} INFO - Started process 114 to run task
[2024-06-27T17:10:46.701+0000] {standard_task_runner.py:90} INFO - Running: ['***', 'tasks', 'run', 'preprocess_data', 'wait_for_download', 'manual__2024-06-27T17:06:26.479798+00:00', '--job-id', '40', '--raw', '--subdir', 'DAGS_FOLDER/preprocess_data.py', '--cfg-path', '/tmp/tmpavgexe63']
[2024-06-27T17:10:46.704+0000] {standard_task_runner.py:91} INFO - Job 40: Subtask wait_for_download
[2024-06-27T17:10:46.716+0000] {warnings.py:112} WARNING - /home/***/.local/lib/python3.12/site-packages/***/settings.py:195: DeprecationWarning: The sql_alchemy_conn option in [core] has been moved to the sql_alchemy_conn option in [database] - the old setting has been used, but please update your config.
  SQL_ALCHEMY_CONN = conf.get("database", "SQL_ALCHEMY_CONN")

[2024-06-27T17:10:46.745+0000] {task_command.py:426} INFO - Running <TaskInstance: preprocess_data.wait_for_download manual__2024-06-27T17:06:26.479798+00:00 [running]> on host 7a93ce5d799c
[2024-06-27T17:10:46.808+0000] {taskinstance.py:2648} INFO - Exporting env vars: AIRFLOW_CTX_DAG_OWNER='***' AIRFLOW_CTX_DAG_ID='preprocess_data' AIRFLOW_CTX_TASK_ID='wait_for_download' AIRFLOW_CTX_EXECUTION_DATE='2024-06-27T17:06:26.479798+00:00' AIRFLOW_CTX_TRY_NUMBER='1' AIRFLOW_CTX_DAG_RUN_ID='manual__2024-06-27T17:06:26.479798+00:00'
[2024-06-27T17:10:46.809+0000] {taskinstance.py:430} INFO - ::endgroup::
[2024-06-27T17:10:46.817+0000] {baseoperator.py:400} WARNING - ExternalTaskSensor.execute cannot be called outside TaskInstance!
[2024-06-27T17:10:46.824+0000] {external_task.py:258} INFO - Poking for tasks ['download_stock_data'] in dag download_data on 2024-06-27T17:06:26.479798+00:00 ... 
[2024-06-27T17:10:46.825+0000] {warnings.py:112} WARNING - /home/***/.local/lib/python3.12/site-packages/***/utils/session.py:79: DeprecationWarning: This method is deprecated and will be removed in future.
  return func(*args, session=session, **kwargs)

[2024-06-27T17:10:46.832+0000] {taskinstance.py:441} INFO - ::group::Post task execution logs
[2024-06-27T17:10:46.844+0000] {taskinstance.py:2865} INFO - Rescheduling task, marking task as UP_FOR_RESCHEDULE
[2024-06-27T17:10:46.875+0000] {local_task_job_runner.py:240} INFO - Task exited with return code 0
[2024-06-27T17:10:46.890+0000] {taskinstance.py:3503} INFO - 0 downstream tasks scheduled from follow-on schedule check
[2024-06-27T17:10:46.891+0000] {local_task_job_runner.py:222} INFO - ::endgroup::
