[2024-06-27T17:13:54.581+0000] {local_task_job_runner.py:120} INFO - ::group::Pre task execution logs
[2024-06-27T17:13:54.616+0000] {taskinstance.py:2076} INFO - Dependencies all met for dep_context=non-requeueable deps ti=<TaskInstance: preprocess_data.preprocess_stock_data manual__2024-06-27T17:13:51.216782+00:00 [queued]>
[2024-06-27T17:13:54.621+0000] {taskinstance.py:2076} INFO - Dependencies all met for dep_context=requeueable deps ti=<TaskInstance: preprocess_data.preprocess_stock_data manual__2024-06-27T17:13:51.216782+00:00 [queued]>
[2024-06-27T17:13:54.621+0000] {taskinstance.py:2306} INFO - Starting attempt 1 of 2
[2024-06-27T17:13:54.629+0000] {taskinstance.py:2330} INFO - Executing <Task(PythonOperator): preprocess_stock_data> on 2024-06-27 17:13:51.216782+00:00
[2024-06-27T17:13:54.641+0000] {warnings.py:112} WARNING - /home/***/.local/lib/python3.12/site-packages/***/task/task_runner/standard_task_runner.py:61: DeprecationWarning: This process (pid=45) is multi-threaded, use of fork() may lead to deadlocks in the child.
  pid = os.fork()

[2024-06-27T17:13:54.643+0000] {standard_task_runner.py:63} INFO - Started process 56 to run task
[2024-06-27T17:13:54.645+0000] {standard_task_runner.py:90} INFO - Running: ['***', 'tasks', 'run', 'preprocess_data', 'preprocess_stock_data', 'manual__2024-06-27T17:13:51.216782+00:00', '--job-id', '107', '--raw', '--subdir', 'DAGS_FOLDER/preprocess_data.py', '--cfg-path', '/tmp/tmpv0d2gve_']
[2024-06-27T17:13:54.647+0000] {standard_task_runner.py:91} INFO - Job 107: Subtask preprocess_stock_data
[2024-06-27T17:13:54.658+0000] {warnings.py:112} WARNING - /home/***/.local/lib/python3.12/site-packages/***/settings.py:195: DeprecationWarning: The sql_alchemy_conn option in [core] has been moved to the sql_alchemy_conn option in [database] - the old setting has been used, but please update your config.
  SQL_ALCHEMY_CONN = conf.get("database", "SQL_ALCHEMY_CONN")

[2024-06-27T17:13:54.707+0000] {task_command.py:426} INFO - Running <TaskInstance: preprocess_data.preprocess_stock_data manual__2024-06-27T17:13:51.216782+00:00 [running]> on host 6cc06109bc3f
[2024-06-27T17:13:54.801+0000] {taskinstance.py:2648} INFO - Exporting env vars: AIRFLOW_CTX_DAG_OWNER='***' AIRFLOW_CTX_DAG_ID='preprocess_data' AIRFLOW_CTX_TASK_ID='preprocess_stock_data' AIRFLOW_CTX_EXECUTION_DATE='2024-06-27T17:13:51.216782+00:00' AIRFLOW_CTX_TRY_NUMBER='1' AIRFLOW_CTX_DAG_RUN_ID='manual__2024-06-27T17:13:51.216782+00:00'
[2024-06-27T17:13:54.803+0000] {taskinstance.py:430} INFO - ::endgroup::
[2024-06-27T17:13:54.832+0000] {preprocess_data.py:23} INFO - Reading data from /opt/***/data/data.csv
[2024-06-27T17:13:54.865+0000] {preprocess_data.py:29} INFO - Normalized data saved to /opt/***/data/data_normalized.csv
[2024-06-27T17:13:54.865+0000] {python.py:237} INFO - Done. Returned value was: None
[2024-06-27T17:13:54.865+0000] {taskinstance.py:441} INFO - ::group::Post task execution logs
[2024-06-27T17:13:54.876+0000] {taskinstance.py:1206} INFO - Marking task as SUCCESS. dag_id=preprocess_data, task_id=preprocess_stock_data, run_id=manual__2024-06-27T17:13:51.216782+00:00, execution_date=20240627T171351, start_date=20240627T171354, end_date=20240627T171354
[2024-06-27T17:13:54.897+0000] {local_task_job_runner.py:240} INFO - Task exited with return code 0
[2024-06-27T17:13:54.929+0000] {taskinstance.py:3503} INFO - 0 downstream tasks scheduled from follow-on schedule check
[2024-06-27T17:13:54.930+0000] {local_task_job_runner.py:222} INFO - ::endgroup::
