[2024-06-27T16:55:10.021+0000] {local_task_job_runner.py:120} INFO - ::group::Pre task execution logs
[2024-06-27T16:55:10.043+0000] {taskinstance.py:2076} INFO - Dependencies all met for dep_context=non-requeueable deps ti=<TaskInstance: preprocess_data.wait_for_download manual__2024-06-27T16:37:54.463174+00:00 [queued]>
[2024-06-27T16:55:10.048+0000] {taskinstance.py:2076} INFO - Dependencies all met for dep_context=requeueable deps ti=<TaskInstance: preprocess_data.wait_for_download manual__2024-06-27T16:37:54.463174+00:00 [queued]>
[2024-06-27T16:55:10.049+0000] {taskinstance.py:2306} INFO - Starting attempt 2 of 2
[2024-06-27T16:55:10.057+0000] {taskinstance.py:2330} INFO - Executing <Task(ExternalTaskSensor): wait_for_download> on 2024-06-27 16:37:54.463174+00:00
[2024-06-27T16:55:10.063+0000] {warnings.py:112} WARNING - /home/***/.local/lib/python3.12/site-packages/***/task/task_runner/standard_task_runner.py:61: DeprecationWarning: This process (pid=44) is multi-threaded, use of fork() may lead to deadlocks in the child.
  pid = os.fork()

[2024-06-27T16:55:10.065+0000] {standard_task_runner.py:63} INFO - Started process 50 to run task
[2024-06-27T16:55:10.066+0000] {standard_task_runner.py:90} INFO - Running: ['***', 'tasks', 'run', 'preprocess_data', 'wait_for_download', 'manual__2024-06-27T16:37:54.463174+00:00', '--job-id', '17', '--raw', '--subdir', 'DAGS_FOLDER/preprocess_data.py', '--cfg-path', '/tmp/tmpb_dsjykc']
[2024-06-27T16:55:10.069+0000] {standard_task_runner.py:91} INFO - Job 17: Subtask wait_for_download
[2024-06-27T16:55:10.084+0000] {warnings.py:112} WARNING - /home/***/.local/lib/python3.12/site-packages/***/settings.py:195: DeprecationWarning: The sql_alchemy_conn option in [core] has been moved to the sql_alchemy_conn option in [database] - the old setting has been used, but please update your config.
  SQL_ALCHEMY_CONN = conf.get("database", "SQL_ALCHEMY_CONN")

[2024-06-27T16:55:10.116+0000] {task_command.py:426} INFO - Running <TaskInstance: preprocess_data.wait_for_download manual__2024-06-27T16:37:54.463174+00:00 [running]> on host 2e6787201848
[2024-06-27T16:55:10.184+0000] {taskinstance.py:2648} INFO - Exporting env vars: AIRFLOW_CTX_DAG_OWNER='***' AIRFLOW_CTX_DAG_ID='preprocess_data' AIRFLOW_CTX_TASK_ID='wait_for_download' AIRFLOW_CTX_EXECUTION_DATE='2024-06-27T16:37:54.463174+00:00' AIRFLOW_CTX_TRY_NUMBER='2' AIRFLOW_CTX_DAG_RUN_ID='manual__2024-06-27T16:37:54.463174+00:00'
[2024-06-27T16:55:10.185+0000] {taskinstance.py:430} INFO - ::endgroup::
[2024-06-27T16:55:10.203+0000] {baseoperator.py:400} WARNING - ExternalTaskSensor.execute cannot be called outside TaskInstance!
[2024-06-27T16:55:10.212+0000] {external_task.py:258} INFO - Poking for tasks ['download_stock_data'] in dag download_data on 2024-06-27T16:37:54.463174+00:00 ... 
[2024-06-27T16:55:10.213+0000] {warnings.py:112} WARNING - /home/***/.local/lib/python3.12/site-packages/***/utils/session.py:79: DeprecationWarning: This method is deprecated and will be removed in future.
  return func(*args, session=session, **kwargs)

[2024-06-27T16:55:10.220+0000] {taskinstance.py:441} INFO - ::group::Post task execution logs
[2024-06-27T16:55:10.233+0000] {taskinstance.py:2865} INFO - Rescheduling task, marking task as UP_FOR_RESCHEDULE
[2024-06-27T16:55:10.241+0000] {local_task_job_runner.py:240} INFO - Task exited with return code 0
[2024-06-27T16:55:10.257+0000] {taskinstance.py:3503} INFO - 0 downstream tasks scheduled from follow-on schedule check
[2024-06-27T16:55:10.257+0000] {local_task_job_runner.py:222} INFO - ::endgroup::
[2024-06-27T16:56:11.768+0000] {local_task_job_runner.py:120} INFO - ::group::Pre task execution logs
[2024-06-27T16:56:11.794+0000] {taskinstance.py:2076} INFO - Dependencies all met for dep_context=non-requeueable deps ti=<TaskInstance: preprocess_data.wait_for_download manual__2024-06-27T16:37:54.463174+00:00 [queued]>
[2024-06-27T16:56:11.799+0000] {taskinstance.py:2076} INFO - Dependencies all met for dep_context=requeueable deps ti=<TaskInstance: preprocess_data.wait_for_download manual__2024-06-27T16:37:54.463174+00:00 [queued]>
[2024-06-27T16:56:11.800+0000] {taskinstance.py:2306} INFO - Starting attempt 2 of 2
[2024-06-27T16:56:11.806+0000] {taskinstance.py:2330} INFO - Executing <Task(ExternalTaskSensor): wait_for_download> on 2024-06-27 16:37:54.463174+00:00
[2024-06-27T16:56:11.817+0000] {warnings.py:112} WARNING - /home/***/.local/lib/python3.12/site-packages/***/task/task_runner/standard_task_runner.py:61: DeprecationWarning: This process (pid=51) is multi-threaded, use of fork() may lead to deadlocks in the child.
  pid = os.fork()

[2024-06-27T16:56:11.818+0000] {standard_task_runner.py:63} INFO - Started process 57 to run task
[2024-06-27T16:56:11.818+0000] {standard_task_runner.py:90} INFO - Running: ['***', 'tasks', 'run', 'preprocess_data', 'wait_for_download', 'manual__2024-06-27T16:37:54.463174+00:00', '--job-id', '18', '--raw', '--subdir', 'DAGS_FOLDER/preprocess_data.py', '--cfg-path', '/tmp/tmpusuch0ai']
[2024-06-27T16:56:11.820+0000] {standard_task_runner.py:91} INFO - Job 18: Subtask wait_for_download
[2024-06-27T16:56:11.831+0000] {warnings.py:112} WARNING - /home/***/.local/lib/python3.12/site-packages/***/settings.py:195: DeprecationWarning: The sql_alchemy_conn option in [core] has been moved to the sql_alchemy_conn option in [database] - the old setting has been used, but please update your config.
  SQL_ALCHEMY_CONN = conf.get("database", "SQL_ALCHEMY_CONN")

[2024-06-27T16:56:11.859+0000] {task_command.py:426} INFO - Running <TaskInstance: preprocess_data.wait_for_download manual__2024-06-27T16:37:54.463174+00:00 [running]> on host 2e6787201848
[2024-06-27T16:56:11.911+0000] {taskinstance.py:2648} INFO - Exporting env vars: AIRFLOW_CTX_DAG_OWNER='***' AIRFLOW_CTX_DAG_ID='preprocess_data' AIRFLOW_CTX_TASK_ID='wait_for_download' AIRFLOW_CTX_EXECUTION_DATE='2024-06-27T16:37:54.463174+00:00' AIRFLOW_CTX_TRY_NUMBER='2' AIRFLOW_CTX_DAG_RUN_ID='manual__2024-06-27T16:37:54.463174+00:00'
[2024-06-27T16:56:11.912+0000] {taskinstance.py:430} INFO - ::endgroup::
[2024-06-27T16:56:11.924+0000] {baseoperator.py:400} WARNING - ExternalTaskSensor.execute cannot be called outside TaskInstance!
[2024-06-27T16:56:11.946+0000] {external_task.py:258} INFO - Poking for tasks ['download_stock_data'] in dag download_data on 2024-06-27T16:37:54.463174+00:00 ... 
[2024-06-27T16:56:11.948+0000] {warnings.py:112} WARNING - /home/***/.local/lib/python3.12/site-packages/***/utils/session.py:79: DeprecationWarning: This method is deprecated and will be removed in future.
  return func(*args, session=session, **kwargs)

[2024-06-27T16:56:11.959+0000] {taskinstance.py:441} INFO - ::group::Post task execution logs
[2024-06-27T16:56:11.973+0000] {taskinstance.py:2865} INFO - Rescheduling task, marking task as UP_FOR_RESCHEDULE
[2024-06-27T16:56:11.992+0000] {local_task_job_runner.py:240} INFO - Task exited with return code 0
[2024-06-27T16:56:12.009+0000] {taskinstance.py:3503} INFO - 0 downstream tasks scheduled from follow-on schedule check
[2024-06-27T16:56:12.010+0000] {local_task_job_runner.py:222} INFO - ::endgroup::
[2024-06-27T16:57:14.456+0000] {local_task_job_runner.py:120} INFO - ::group::Pre task execution logs
[2024-06-27T16:57:14.496+0000] {taskinstance.py:2076} INFO - Dependencies all met for dep_context=non-requeueable deps ti=<TaskInstance: preprocess_data.wait_for_download manual__2024-06-27T16:37:54.463174+00:00 [queued]>
[2024-06-27T16:57:14.518+0000] {taskinstance.py:2076} INFO - Dependencies all met for dep_context=requeueable deps ti=<TaskInstance: preprocess_data.wait_for_download manual__2024-06-27T16:37:54.463174+00:00 [queued]>
[2024-06-27T16:57:14.524+0000] {taskinstance.py:2306} INFO - Starting attempt 2 of 2
[2024-06-27T16:57:14.562+0000] {taskinstance.py:2330} INFO - Executing <Task(ExternalTaskSensor): wait_for_download> on 2024-06-27 16:37:54.463174+00:00
[2024-06-27T16:57:14.586+0000] {warnings.py:112} WARNING - /home/***/.local/lib/python3.12/site-packages/***/task/task_runner/standard_task_runner.py:61: DeprecationWarning: This process (pid=58) is multi-threaded, use of fork() may lead to deadlocks in the child.
  pid = os.fork()

[2024-06-27T16:57:14.588+0000] {standard_task_runner.py:63} INFO - Started process 64 to run task
[2024-06-27T16:57:14.590+0000] {standard_task_runner.py:90} INFO - Running: ['***', 'tasks', 'run', 'preprocess_data', 'wait_for_download', 'manual__2024-06-27T16:37:54.463174+00:00', '--job-id', '19', '--raw', '--subdir', 'DAGS_FOLDER/preprocess_data.py', '--cfg-path', '/tmp/tmpvjkx5z5m']
[2024-06-27T16:57:14.593+0000] {standard_task_runner.py:91} INFO - Job 19: Subtask wait_for_download
[2024-06-27T16:57:14.612+0000] {warnings.py:112} WARNING - /home/***/.local/lib/python3.12/site-packages/***/settings.py:195: DeprecationWarning: The sql_alchemy_conn option in [core] has been moved to the sql_alchemy_conn option in [database] - the old setting has been used, but please update your config.
  SQL_ALCHEMY_CONN = conf.get("database", "SQL_ALCHEMY_CONN")

[2024-06-27T16:57:14.699+0000] {task_command.py:426} INFO - Running <TaskInstance: preprocess_data.wait_for_download manual__2024-06-27T16:37:54.463174+00:00 [running]> on host 2e6787201848
[2024-06-27T16:57:14.793+0000] {taskinstance.py:2648} INFO - Exporting env vars: AIRFLOW_CTX_DAG_OWNER='***' AIRFLOW_CTX_DAG_ID='preprocess_data' AIRFLOW_CTX_TASK_ID='wait_for_download' AIRFLOW_CTX_EXECUTION_DATE='2024-06-27T16:37:54.463174+00:00' AIRFLOW_CTX_TRY_NUMBER='2' AIRFLOW_CTX_DAG_RUN_ID='manual__2024-06-27T16:37:54.463174+00:00'
[2024-06-27T16:57:14.795+0000] {taskinstance.py:430} INFO - ::endgroup::
[2024-06-27T16:57:14.817+0000] {baseoperator.py:400} WARNING - ExternalTaskSensor.execute cannot be called outside TaskInstance!
[2024-06-27T16:57:14.827+0000] {external_task.py:258} INFO - Poking for tasks ['download_stock_data'] in dag download_data on 2024-06-27T16:37:54.463174+00:00 ... 
[2024-06-27T16:57:14.828+0000] {warnings.py:112} WARNING - /home/***/.local/lib/python3.12/site-packages/***/utils/session.py:79: DeprecationWarning: This method is deprecated and will be removed in future.
  return func(*args, session=session, **kwargs)

[2024-06-27T16:57:14.838+0000] {taskinstance.py:441} INFO - ::group::Post task execution logs
[2024-06-27T16:57:14.857+0000] {taskinstance.py:2865} INFO - Rescheduling task, marking task as UP_FOR_RESCHEDULE
[2024-06-27T16:57:14.885+0000] {local_task_job_runner.py:240} INFO - Task exited with return code 0
[2024-06-27T16:57:14.924+0000] {taskinstance.py:3503} INFO - 0 downstream tasks scheduled from follow-on schedule check
[2024-06-27T16:57:14.925+0000] {local_task_job_runner.py:222} INFO - ::endgroup::
[2024-06-27T16:58:16.716+0000] {local_task_job_runner.py:120} INFO - ::group::Pre task execution logs
[2024-06-27T16:58:16.734+0000] {taskinstance.py:2076} INFO - Dependencies all met for dep_context=non-requeueable deps ti=<TaskInstance: preprocess_data.wait_for_download manual__2024-06-27T16:37:54.463174+00:00 [queued]>
[2024-06-27T16:58:16.739+0000] {taskinstance.py:2076} INFO - Dependencies all met for dep_context=requeueable deps ti=<TaskInstance: preprocess_data.wait_for_download manual__2024-06-27T16:37:54.463174+00:00 [queued]>
[2024-06-27T16:58:16.739+0000] {taskinstance.py:2306} INFO - Starting attempt 2 of 2
[2024-06-27T16:58:16.747+0000] {taskinstance.py:2330} INFO - Executing <Task(ExternalTaskSensor): wait_for_download> on 2024-06-27 16:37:54.463174+00:00
[2024-06-27T16:58:16.752+0000] {warnings.py:112} WARNING - /home/***/.local/lib/python3.12/site-packages/***/task/task_runner/standard_task_runner.py:61: DeprecationWarning: This process (pid=76) is multi-threaded, use of fork() may lead to deadlocks in the child.
  pid = os.fork()

[2024-06-27T16:58:16.754+0000] {standard_task_runner.py:63} INFO - Started process 82 to run task
[2024-06-27T16:58:16.755+0000] {standard_task_runner.py:90} INFO - Running: ['***', 'tasks', 'run', 'preprocess_data', 'wait_for_download', 'manual__2024-06-27T16:37:54.463174+00:00', '--job-id', '22', '--raw', '--subdir', 'DAGS_FOLDER/preprocess_data.py', '--cfg-path', '/tmp/tmpdasahpvp']
[2024-06-27T16:58:16.757+0000] {standard_task_runner.py:91} INFO - Job 22: Subtask wait_for_download
[2024-06-27T16:58:16.770+0000] {warnings.py:112} WARNING - /home/***/.local/lib/python3.12/site-packages/***/settings.py:195: DeprecationWarning: The sql_alchemy_conn option in [core] has been moved to the sql_alchemy_conn option in [database] - the old setting has been used, but please update your config.
  SQL_ALCHEMY_CONN = conf.get("database", "SQL_ALCHEMY_CONN")

[2024-06-27T16:58:16.795+0000] {task_command.py:426} INFO - Running <TaskInstance: preprocess_data.wait_for_download manual__2024-06-27T16:37:54.463174+00:00 [running]> on host 2e6787201848
[2024-06-27T16:58:16.844+0000] {taskinstance.py:2648} INFO - Exporting env vars: AIRFLOW_CTX_DAG_OWNER='***' AIRFLOW_CTX_DAG_ID='preprocess_data' AIRFLOW_CTX_TASK_ID='wait_for_download' AIRFLOW_CTX_EXECUTION_DATE='2024-06-27T16:37:54.463174+00:00' AIRFLOW_CTX_TRY_NUMBER='2' AIRFLOW_CTX_DAG_RUN_ID='manual__2024-06-27T16:37:54.463174+00:00'
[2024-06-27T16:58:16.845+0000] {taskinstance.py:430} INFO - ::endgroup::
[2024-06-27T16:58:16.854+0000] {baseoperator.py:400} WARNING - ExternalTaskSensor.execute cannot be called outside TaskInstance!
[2024-06-27T16:58:16.861+0000] {external_task.py:258} INFO - Poking for tasks ['download_stock_data'] in dag download_data on 2024-06-27T16:37:54.463174+00:00 ... 
[2024-06-27T16:58:16.862+0000] {warnings.py:112} WARNING - /home/***/.local/lib/python3.12/site-packages/***/utils/session.py:79: DeprecationWarning: This method is deprecated and will be removed in future.
  return func(*args, session=session, **kwargs)

[2024-06-27T16:58:16.881+0000] {taskinstance.py:441} INFO - ::group::Post task execution logs
[2024-06-27T16:58:16.894+0000] {taskinstance.py:2865} INFO - Rescheduling task, marking task as UP_FOR_RESCHEDULE
[2024-06-27T16:58:16.928+0000] {local_task_job_runner.py:240} INFO - Task exited with return code 0
[2024-06-27T16:58:16.943+0000] {taskinstance.py:3503} INFO - 0 downstream tasks scheduled from follow-on schedule check
[2024-06-27T16:58:16.944+0000] {local_task_job_runner.py:222} INFO - ::endgroup::
[2024-06-27T16:59:18.818+0000] {local_task_job_runner.py:120} INFO - ::group::Pre task execution logs
[2024-06-27T16:59:18.845+0000] {taskinstance.py:2076} INFO - Dependencies all met for dep_context=non-requeueable deps ti=<TaskInstance: preprocess_data.wait_for_download manual__2024-06-27T16:37:54.463174+00:00 [queued]>
[2024-06-27T16:59:18.850+0000] {taskinstance.py:2076} INFO - Dependencies all met for dep_context=requeueable deps ti=<TaskInstance: preprocess_data.wait_for_download manual__2024-06-27T16:37:54.463174+00:00 [queued]>
[2024-06-27T16:59:18.850+0000] {taskinstance.py:2306} INFO - Starting attempt 2 of 2
[2024-06-27T16:59:18.861+0000] {taskinstance.py:2330} INFO - Executing <Task(ExternalTaskSensor): wait_for_download> on 2024-06-27 16:37:54.463174+00:00
[2024-06-27T16:59:18.872+0000] {warnings.py:112} WARNING - /home/***/.local/lib/python3.12/site-packages/***/task/task_runner/standard_task_runner.py:61: DeprecationWarning: This process (pid=90) is multi-threaded, use of fork() may lead to deadlocks in the child.
  pid = os.fork()

[2024-06-27T16:59:18.875+0000] {standard_task_runner.py:63} INFO - Started process 96 to run task
[2024-06-27T16:59:18.874+0000] {standard_task_runner.py:90} INFO - Running: ['***', 'tasks', 'run', 'preprocess_data', 'wait_for_download', 'manual__2024-06-27T16:37:54.463174+00:00', '--job-id', '24', '--raw', '--subdir', 'DAGS_FOLDER/preprocess_data.py', '--cfg-path', '/tmp/tmp6lpwb4ms']
[2024-06-27T16:59:18.883+0000] {standard_task_runner.py:91} INFO - Job 24: Subtask wait_for_download
[2024-06-27T16:59:18.896+0000] {warnings.py:112} WARNING - /home/***/.local/lib/python3.12/site-packages/***/settings.py:195: DeprecationWarning: The sql_alchemy_conn option in [core] has been moved to the sql_alchemy_conn option in [database] - the old setting has been used, but please update your config.
  SQL_ALCHEMY_CONN = conf.get("database", "SQL_ALCHEMY_CONN")

[2024-06-27T16:59:18.933+0000] {task_command.py:426} INFO - Running <TaskInstance: preprocess_data.wait_for_download manual__2024-06-27T16:37:54.463174+00:00 [running]> on host 2e6787201848
[2024-06-27T16:59:18.993+0000] {taskinstance.py:2648} INFO - Exporting env vars: AIRFLOW_CTX_DAG_OWNER='***' AIRFLOW_CTX_DAG_ID='preprocess_data' AIRFLOW_CTX_TASK_ID='wait_for_download' AIRFLOW_CTX_EXECUTION_DATE='2024-06-27T16:37:54.463174+00:00' AIRFLOW_CTX_TRY_NUMBER='2' AIRFLOW_CTX_DAG_RUN_ID='manual__2024-06-27T16:37:54.463174+00:00'
[2024-06-27T16:59:18.994+0000] {taskinstance.py:430} INFO - ::endgroup::
[2024-06-27T16:59:19.007+0000] {baseoperator.py:400} WARNING - ExternalTaskSensor.execute cannot be called outside TaskInstance!
[2024-06-27T16:59:19.014+0000] {external_task.py:258} INFO - Poking for tasks ['download_stock_data'] in dag download_data on 2024-06-27T16:37:54.463174+00:00 ... 
[2024-06-27T16:59:19.014+0000] {warnings.py:112} WARNING - /home/***/.local/lib/python3.12/site-packages/***/utils/session.py:79: DeprecationWarning: This method is deprecated and will be removed in future.
  return func(*args, session=session, **kwargs)

[2024-06-27T16:59:19.023+0000] {taskinstance.py:441} INFO - ::group::Post task execution logs
[2024-06-27T16:59:19.036+0000] {taskinstance.py:2865} INFO - Rescheduling task, marking task as UP_FOR_RESCHEDULE
[2024-06-27T16:59:19.055+0000] {local_task_job_runner.py:240} INFO - Task exited with return code 0
[2024-06-27T16:59:19.074+0000] {taskinstance.py:3503} INFO - 0 downstream tasks scheduled from follow-on schedule check
[2024-06-27T16:59:19.075+0000] {local_task_job_runner.py:222} INFO - ::endgroup::
[2024-06-27T17:00:42.354+0000] {local_task_job_runner.py:120} INFO - ::group::Pre task execution logs
[2024-06-27T17:00:42.391+0000] {taskinstance.py:2076} INFO - Dependencies all met for dep_context=non-requeueable deps ti=<TaskInstance: preprocess_data.wait_for_download manual__2024-06-27T16:37:54.463174+00:00 [queued]>
[2024-06-27T17:00:42.396+0000] {taskinstance.py:2076} INFO - Dependencies all met for dep_context=requeueable deps ti=<TaskInstance: preprocess_data.wait_for_download manual__2024-06-27T16:37:54.463174+00:00 [queued]>
[2024-06-27T17:00:42.397+0000] {taskinstance.py:2306} INFO - Starting attempt 2 of 2
[2024-06-27T17:00:42.404+0000] {taskinstance.py:2330} INFO - Executing <Task(ExternalTaskSensor): wait_for_download> on 2024-06-27 16:37:54.463174+00:00
[2024-06-27T17:00:42.423+0000] {warnings.py:112} WARNING - /home/***/.local/lib/python3.12/site-packages/***/task/task_runner/standard_task_runner.py:61: DeprecationWarning: This process (pid=103) is multi-threaded, use of fork() may lead to deadlocks in the child.
  pid = os.fork()

[2024-06-27T17:00:42.425+0000] {standard_task_runner.py:63} INFO - Started process 110 to run task
[2024-06-27T17:00:42.424+0000] {standard_task_runner.py:90} INFO - Running: ['***', 'tasks', 'run', 'preprocess_data', 'wait_for_download', 'manual__2024-06-27T16:37:54.463174+00:00', '--job-id', '26', '--raw', '--subdir', 'DAGS_FOLDER/preprocess_data.py', '--cfg-path', '/tmp/tmpgzw_4ub1']
[2024-06-27T17:00:42.428+0000] {standard_task_runner.py:91} INFO - Job 26: Subtask wait_for_download
[2024-06-27T17:00:42.448+0000] {warnings.py:112} WARNING - /home/***/.local/lib/python3.12/site-packages/***/settings.py:195: DeprecationWarning: The sql_alchemy_conn option in [core] has been moved to the sql_alchemy_conn option in [database] - the old setting has been used, but please update your config.
  SQL_ALCHEMY_CONN = conf.get("database", "SQL_ALCHEMY_CONN")

[2024-06-27T17:00:42.504+0000] {task_command.py:426} INFO - Running <TaskInstance: preprocess_data.wait_for_download manual__2024-06-27T16:37:54.463174+00:00 [running]> on host 2e6787201848
[2024-06-27T17:00:42.616+0000] {taskinstance.py:2648} INFO - Exporting env vars: AIRFLOW_CTX_DAG_OWNER='***' AIRFLOW_CTX_DAG_ID='preprocess_data' AIRFLOW_CTX_TASK_ID='wait_for_download' AIRFLOW_CTX_EXECUTION_DATE='2024-06-27T16:37:54.463174+00:00' AIRFLOW_CTX_TRY_NUMBER='2' AIRFLOW_CTX_DAG_RUN_ID='manual__2024-06-27T16:37:54.463174+00:00'
[2024-06-27T17:00:42.617+0000] {taskinstance.py:430} INFO - ::endgroup::
[2024-06-27T17:00:42.630+0000] {baseoperator.py:400} WARNING - ExternalTaskSensor.execute cannot be called outside TaskInstance!
[2024-06-27T17:00:42.640+0000] {external_task.py:258} INFO - Poking for tasks ['download_stock_data'] in dag download_data on 2024-06-27T16:37:54.463174+00:00 ... 
[2024-06-27T17:00:42.641+0000] {warnings.py:112} WARNING - /home/***/.local/lib/python3.12/site-packages/***/utils/session.py:79: DeprecationWarning: This method is deprecated and will be removed in future.
  return func(*args, session=session, **kwargs)

[2024-06-27T17:00:42.664+0000] {taskinstance.py:441} INFO - ::group::Post task execution logs
[2024-06-27T17:00:42.690+0000] {taskinstance.py:2865} INFO - Rescheduling task, marking task as UP_FOR_RESCHEDULE
[2024-06-27T17:00:42.724+0000] {local_task_job_runner.py:240} INFO - Task exited with return code 0
[2024-06-27T17:00:42.744+0000] {taskinstance.py:3503} INFO - 0 downstream tasks scheduled from follow-on schedule check
[2024-06-27T17:00:42.745+0000] {local_task_job_runner.py:222} INFO - ::endgroup::
