[2024-06-27T16:37:57.233+0000] {local_task_job_runner.py:120} INFO - ::group::Pre task execution logs
[2024-06-27T16:37:57.250+0000] {taskinstance.py:2076} INFO - Dependencies all met for dep_context=non-requeueable deps ti=<TaskInstance: preprocess_data.wait_for_download manual__2024-06-27T16:37:54.463174+00:00 [queued]>
[2024-06-27T16:37:57.254+0000] {taskinstance.py:2076} INFO - Dependencies all met for dep_context=requeueable deps ti=<TaskInstance: preprocess_data.wait_for_download manual__2024-06-27T16:37:54.463174+00:00 [queued]>
[2024-06-27T16:37:57.254+0000] {taskinstance.py:2306} INFO - Starting attempt 1 of 2
[2024-06-27T16:37:57.264+0000] {taskinstance.py:2330} INFO - Executing <Task(ExternalTaskSensor): wait_for_download> on 2024-06-27 16:37:54.463174+00:00
[2024-06-27T16:37:57.277+0000] {warnings.py:112} WARNING - /home/***/.local/lib/python3.12/site-packages/***/task/task_runner/standard_task_runner.py:61: DeprecationWarning: This process (pid=44) is multi-threaded, use of fork() may lead to deadlocks in the child.
  pid = os.fork()

[2024-06-27T16:37:57.279+0000] {standard_task_runner.py:63} INFO - Started process 50 to run task
[2024-06-27T16:37:57.281+0000] {standard_task_runner.py:90} INFO - Running: ['***', 'tasks', 'run', 'preprocess_data', 'wait_for_download', 'manual__2024-06-27T16:37:54.463174+00:00', '--job-id', '14', '--raw', '--subdir', 'DAGS_FOLDER/preprocess_data.py', '--cfg-path', '/tmp/tmppaf8iarz']
[2024-06-27T16:37:57.283+0000] {standard_task_runner.py:91} INFO - Job 14: Subtask wait_for_download
[2024-06-27T16:37:57.295+0000] {warnings.py:112} WARNING - /home/***/.local/lib/python3.12/site-packages/***/settings.py:195: DeprecationWarning: The sql_alchemy_conn option in [core] has been moved to the sql_alchemy_conn option in [database] - the old setting has been used, but please update your config.
  SQL_ALCHEMY_CONN = conf.get("database", "SQL_ALCHEMY_CONN")

[2024-06-27T16:37:57.321+0000] {task_command.py:426} INFO - Running <TaskInstance: preprocess_data.wait_for_download manual__2024-06-27T16:37:54.463174+00:00 [running]> on host 2cd353979973
[2024-06-27T16:37:57.372+0000] {taskinstance.py:2648} INFO - Exporting env vars: AIRFLOW_CTX_DAG_OWNER='***' AIRFLOW_CTX_DAG_ID='preprocess_data' AIRFLOW_CTX_TASK_ID='wait_for_download' AIRFLOW_CTX_EXECUTION_DATE='2024-06-27T16:37:54.463174+00:00' AIRFLOW_CTX_TRY_NUMBER='1' AIRFLOW_CTX_DAG_RUN_ID='manual__2024-06-27T16:37:54.463174+00:00'
[2024-06-27T16:37:57.372+0000] {taskinstance.py:430} INFO - ::endgroup::
[2024-06-27T16:37:57.390+0000] {baseoperator.py:400} WARNING - ExternalTaskSensor.execute cannot be called outside TaskInstance!
[2024-06-27T16:37:57.391+0000] {external_task.py:258} INFO - Poking for tasks ['download_stock_data'] in dag download_data on 2024-06-27T16:37:54.463174+00:00 ... 
[2024-06-27T16:37:57.391+0000] {warnings.py:112} WARNING - /home/***/.local/lib/python3.12/site-packages/***/utils/session.py:79: DeprecationWarning: This method is deprecated and will be removed in future.
  return func(*args, session=session, **kwargs)

[2024-06-27T16:38:57.405+0000] {external_task.py:258} INFO - Poking for tasks ['download_stock_data'] in dag download_data on 2024-06-27T16:37:54.463174+00:00 ... 
[2024-06-27T16:39:57.509+0000] {external_task.py:258} INFO - Poking for tasks ['download_stock_data'] in dag download_data on 2024-06-27T16:37:54.463174+00:00 ... 
