[2024-06-27T16:57:30.756+0000] {local_task_job_runner.py:120} INFO - ::group::Pre task execution logs
[2024-06-27T16:57:30.770+0000] {taskinstance.py:2076} INFO - Dependencies all met for dep_context=non-requeueable deps ti=<TaskInstance: preprocess_data.wait_for_download manual__2024-06-27T16:57:29.289900+00:00 [queued]>
[2024-06-27T16:57:30.775+0000] {taskinstance.py:2076} INFO - Dependencies all met for dep_context=requeueable deps ti=<TaskInstance: preprocess_data.wait_for_download manual__2024-06-27T16:57:29.289900+00:00 [queued]>
[2024-06-27T16:57:30.776+0000] {taskinstance.py:2306} INFO - Starting attempt 1 of 2
[2024-06-27T16:57:30.782+0000] {taskinstance.py:2330} INFO - Executing <Task(ExternalTaskSensor): wait_for_download> on 2024-06-27 16:57:29.289900+00:00
[2024-06-27T16:57:30.788+0000] {warnings.py:112} WARNING - /home/***/.local/lib/python3.12/site-packages/***/task/task_runner/standard_task_runner.py:61: DeprecationWarning: This process (pid=69) is multi-threaded, use of fork() may lead to deadlocks in the child.
  pid = os.fork()

[2024-06-27T16:57:30.790+0000] {standard_task_runner.py:63} INFO - Started process 75 to run task
[2024-06-27T16:57:30.791+0000] {standard_task_runner.py:90} INFO - Running: ['***', 'tasks', 'run', 'preprocess_data', 'wait_for_download', 'manual__2024-06-27T16:57:29.289900+00:00', '--job-id', '21', '--raw', '--subdir', 'DAGS_FOLDER/preprocess_data.py', '--cfg-path', '/tmp/tmpropba918']
[2024-06-27T16:57:30.794+0000] {standard_task_runner.py:91} INFO - Job 21: Subtask wait_for_download
[2024-06-27T16:57:30.809+0000] {warnings.py:112} WARNING - /home/***/.local/lib/python3.12/site-packages/***/settings.py:195: DeprecationWarning: The sql_alchemy_conn option in [core] has been moved to the sql_alchemy_conn option in [database] - the old setting has been used, but please update your config.
  SQL_ALCHEMY_CONN = conf.get("database", "SQL_ALCHEMY_CONN")

[2024-06-27T16:57:30.838+0000] {task_command.py:426} INFO - Running <TaskInstance: preprocess_data.wait_for_download manual__2024-06-27T16:57:29.289900+00:00 [running]> on host 2e6787201848
[2024-06-27T16:57:30.900+0000] {taskinstance.py:2648} INFO - Exporting env vars: AIRFLOW_CTX_DAG_OWNER='***' AIRFLOW_CTX_DAG_ID='preprocess_data' AIRFLOW_CTX_TASK_ID='wait_for_download' AIRFLOW_CTX_EXECUTION_DATE='2024-06-27T16:57:29.289900+00:00' AIRFLOW_CTX_TRY_NUMBER='1' AIRFLOW_CTX_DAG_RUN_ID='manual__2024-06-27T16:57:29.289900+00:00'
[2024-06-27T16:57:30.901+0000] {taskinstance.py:430} INFO - ::endgroup::
[2024-06-27T16:57:30.909+0000] {baseoperator.py:400} WARNING - ExternalTaskSensor.execute cannot be called outside TaskInstance!
[2024-06-27T16:57:30.915+0000] {external_task.py:258} INFO - Poking for tasks ['download_stock_data'] in dag download_data on 2024-06-27T16:57:29.289900+00:00 ... 
[2024-06-27T16:57:30.916+0000] {warnings.py:112} WARNING - /home/***/.local/lib/python3.12/site-packages/***/utils/session.py:79: DeprecationWarning: This method is deprecated and will be removed in future.
  return func(*args, session=session, **kwargs)

[2024-06-27T16:57:30.927+0000] {taskinstance.py:441} INFO - ::group::Post task execution logs
[2024-06-27T16:57:30.945+0000] {taskinstance.py:2865} INFO - Rescheduling task, marking task as UP_FOR_RESCHEDULE
[2024-06-27T16:57:30.964+0000] {local_task_job_runner.py:240} INFO - Task exited with return code 0
[2024-06-27T16:57:30.980+0000] {taskinstance.py:3503} INFO - 0 downstream tasks scheduled from follow-on schedule check
[2024-06-27T16:57:30.981+0000] {local_task_job_runner.py:222} INFO - ::endgroup::
[2024-06-27T16:58:33.217+0000] {local_task_job_runner.py:120} INFO - ::group::Pre task execution logs
[2024-06-27T16:58:33.240+0000] {taskinstance.py:2076} INFO - Dependencies all met for dep_context=non-requeueable deps ti=<TaskInstance: preprocess_data.wait_for_download manual__2024-06-27T16:57:29.289900+00:00 [queued]>
[2024-06-27T16:58:33.246+0000] {taskinstance.py:2076} INFO - Dependencies all met for dep_context=requeueable deps ti=<TaskInstance: preprocess_data.wait_for_download manual__2024-06-27T16:57:29.289900+00:00 [queued]>
[2024-06-27T16:58:33.247+0000] {taskinstance.py:2306} INFO - Starting attempt 1 of 2
[2024-06-27T16:58:33.253+0000] {taskinstance.py:2330} INFO - Executing <Task(ExternalTaskSensor): wait_for_download> on 2024-06-27 16:57:29.289900+00:00
[2024-06-27T16:58:33.266+0000] {warnings.py:112} WARNING - /home/***/.local/lib/python3.12/site-packages/***/task/task_runner/standard_task_runner.py:61: DeprecationWarning: This process (pid=83) is multi-threaded, use of fork() may lead to deadlocks in the child.
  pid = os.fork()

[2024-06-27T16:58:33.270+0000] {standard_task_runner.py:63} INFO - Started process 89 to run task
[2024-06-27T16:58:33.270+0000] {standard_task_runner.py:90} INFO - Running: ['***', 'tasks', 'run', 'preprocess_data', 'wait_for_download', 'manual__2024-06-27T16:57:29.289900+00:00', '--job-id', '23', '--raw', '--subdir', 'DAGS_FOLDER/preprocess_data.py', '--cfg-path', '/tmp/tmp6tydypl8']
[2024-06-27T16:58:33.273+0000] {standard_task_runner.py:91} INFO - Job 23: Subtask wait_for_download
[2024-06-27T16:58:33.285+0000] {warnings.py:112} WARNING - /home/***/.local/lib/python3.12/site-packages/***/settings.py:195: DeprecationWarning: The sql_alchemy_conn option in [core] has been moved to the sql_alchemy_conn option in [database] - the old setting has been used, but please update your config.
  SQL_ALCHEMY_CONN = conf.get("database", "SQL_ALCHEMY_CONN")

[2024-06-27T16:58:33.311+0000] {task_command.py:426} INFO - Running <TaskInstance: preprocess_data.wait_for_download manual__2024-06-27T16:57:29.289900+00:00 [running]> on host 2e6787201848
[2024-06-27T16:58:33.360+0000] {taskinstance.py:2648} INFO - Exporting env vars: AIRFLOW_CTX_DAG_OWNER='***' AIRFLOW_CTX_DAG_ID='preprocess_data' AIRFLOW_CTX_TASK_ID='wait_for_download' AIRFLOW_CTX_EXECUTION_DATE='2024-06-27T16:57:29.289900+00:00' AIRFLOW_CTX_TRY_NUMBER='1' AIRFLOW_CTX_DAG_RUN_ID='manual__2024-06-27T16:57:29.289900+00:00'
[2024-06-27T16:58:33.361+0000] {taskinstance.py:430} INFO - ::endgroup::
[2024-06-27T16:58:33.371+0000] {baseoperator.py:400} WARNING - ExternalTaskSensor.execute cannot be called outside TaskInstance!
[2024-06-27T16:58:33.377+0000] {external_task.py:258} INFO - Poking for tasks ['download_stock_data'] in dag download_data on 2024-06-27T16:57:29.289900+00:00 ... 
[2024-06-27T16:58:33.378+0000] {warnings.py:112} WARNING - /home/***/.local/lib/python3.12/site-packages/***/utils/session.py:79: DeprecationWarning: This method is deprecated and will be removed in future.
  return func(*args, session=session, **kwargs)

[2024-06-27T16:58:33.386+0000] {taskinstance.py:441} INFO - ::group::Post task execution logs
[2024-06-27T16:58:33.405+0000] {taskinstance.py:2865} INFO - Rescheduling task, marking task as UP_FOR_RESCHEDULE
[2024-06-27T16:58:33.445+0000] {local_task_job_runner.py:240} INFO - Task exited with return code 0
[2024-06-27T16:58:33.464+0000] {taskinstance.py:3503} INFO - 0 downstream tasks scheduled from follow-on schedule check
[2024-06-27T16:58:33.465+0000] {local_task_job_runner.py:222} INFO - ::endgroup::
[2024-06-27T17:00:32.070+0000] {local_task_job_runner.py:120} INFO - ::group::Pre task execution logs
[2024-06-27T17:00:39.300+0000] {taskinstance.py:2076} INFO - Dependencies all met for dep_context=non-requeueable deps ti=<TaskInstance: preprocess_data.wait_for_download manual__2024-06-27T16:57:29.289900+00:00 [queued]>
[2024-06-27T17:00:39.403+0000] {taskinstance.py:2076} INFO - Dependencies all met for dep_context=requeueable deps ti=<TaskInstance: preprocess_data.wait_for_download manual__2024-06-27T16:57:29.289900+00:00 [queued]>
[2024-06-27T17:00:39.414+0000] {taskinstance.py:2306} INFO - Starting attempt 1 of 2
[2024-06-27T17:00:39.558+0000] {taskinstance.py:2330} INFO - Executing <Task(ExternalTaskSensor): wait_for_download> on 2024-06-27 16:57:29.289900+00:00
[2024-06-27T17:00:39.670+0000] {warnings.py:112} WARNING - /home/***/.local/lib/python3.12/site-packages/***/task/task_runner/standard_task_runner.py:61: DeprecationWarning: This process (pid=97) is multi-threaded, use of fork() may lead to deadlocks in the child.
  pid = os.fork()

[2024-06-27T17:00:39.714+0000] {standard_task_runner.py:63} INFO - Started process 107 to run task
[2024-06-27T17:00:39.696+0000] {standard_task_runner.py:90} INFO - Running: ['***', 'tasks', 'run', 'preprocess_data', 'wait_for_download', 'manual__2024-06-27T16:57:29.289900+00:00', '--job-id', '25', '--raw', '--subdir', 'DAGS_FOLDER/preprocess_data.py', '--cfg-path', '/tmp/tmpaxy94d11']
[2024-06-27T17:00:39.772+0000] {standard_task_runner.py:91} INFO - Job 25: Subtask wait_for_download
[2024-06-27T17:00:40.191+0000] {warnings.py:112} WARNING - /home/***/.local/lib/python3.12/site-packages/***/settings.py:195: DeprecationWarning: The sql_alchemy_conn option in [core] has been moved to the sql_alchemy_conn option in [database] - the old setting has been used, but please update your config.
  SQL_ALCHEMY_CONN = conf.get("database", "SQL_ALCHEMY_CONN")

[2024-06-27T17:00:40.521+0000] {task_command.py:426} INFO - Running <TaskInstance: preprocess_data.wait_for_download manual__2024-06-27T16:57:29.289900+00:00 [running]> on host 2e6787201848
[2024-06-27T17:00:40.762+0000] {taskinstance.py:2648} INFO - Exporting env vars: AIRFLOW_CTX_DAG_OWNER='***' AIRFLOW_CTX_DAG_ID='preprocess_data' AIRFLOW_CTX_TASK_ID='wait_for_download' AIRFLOW_CTX_EXECUTION_DATE='2024-06-27T16:57:29.289900+00:00' AIRFLOW_CTX_TRY_NUMBER='1' AIRFLOW_CTX_DAG_RUN_ID='manual__2024-06-27T16:57:29.289900+00:00'
[2024-06-27T17:00:40.765+0000] {taskinstance.py:430} INFO - ::endgroup::
[2024-06-27T17:00:40.799+0000] {baseoperator.py:400} WARNING - ExternalTaskSensor.execute cannot be called outside TaskInstance!
[2024-06-27T17:00:40.811+0000] {external_task.py:258} INFO - Poking for tasks ['download_stock_data'] in dag download_data on 2024-06-27T16:57:29.289900+00:00 ... 
[2024-06-27T17:00:40.813+0000] {warnings.py:112} WARNING - /home/***/.local/lib/python3.12/site-packages/***/utils/session.py:79: DeprecationWarning: This method is deprecated and will be removed in future.
  return func(*args, session=session, **kwargs)

[2024-06-27T17:00:40.824+0000] {taskinstance.py:441} INFO - ::group::Post task execution logs
[2024-06-27T17:00:40.841+0000] {taskinstance.py:2865} INFO - Rescheduling task, marking task as UP_FOR_RESCHEDULE
[2024-06-27T17:00:40.868+0000] {local_task_job_runner.py:240} INFO - Task exited with return code 0
[2024-06-27T17:00:40.909+0000] {taskinstance.py:3503} INFO - 0 downstream tasks scheduled from follow-on schedule check
[2024-06-27T17:00:40.912+0000] {local_task_job_runner.py:222} INFO - ::endgroup::
