[2024-06-27T17:01:29.771+0000] {local_task_job_runner.py:120} INFO - ::group::Pre task execution logs
[2024-06-27T17:01:29.794+0000] {taskinstance.py:2076} INFO - Dependencies all met for dep_context=non-requeueable deps ti=<TaskInstance: preprocess_data.wait_for_download manual__2024-06-27T17:01:27.814739+00:00 [queued]>
[2024-06-27T17:01:29.801+0000] {taskinstance.py:2076} INFO - Dependencies all met for dep_context=requeueable deps ti=<TaskInstance: preprocess_data.wait_for_download manual__2024-06-27T17:01:27.814739+00:00 [queued]>
[2024-06-27T17:01:29.802+0000] {taskinstance.py:2306} INFO - Starting attempt 1 of 2
[2024-06-27T17:01:29.831+0000] {taskinstance.py:2330} INFO - Executing <Task(ExternalTaskSensor): wait_for_download> on 2024-06-27 17:01:27.814739+00:00
[2024-06-27T17:01:29.864+0000] {warnings.py:112} WARNING - /home/***/.local/lib/python3.12/site-packages/***/task/task_runner/standard_task_runner.py:61: DeprecationWarning: This process (pid=111) is multi-threaded, use of fork() may lead to deadlocks in the child.
  pid = os.fork()

[2024-06-27T17:01:29.869+0000] {standard_task_runner.py:63} INFO - Started process 117 to run task
[2024-06-27T17:01:29.869+0000] {standard_task_runner.py:90} INFO - Running: ['***', 'tasks', 'run', 'preprocess_data', 'wait_for_download', 'manual__2024-06-27T17:01:27.814739+00:00', '--job-id', '27', '--raw', '--subdir', 'DAGS_FOLDER/preprocess_data.py', '--cfg-path', '/tmp/tmpktqcf527']
[2024-06-27T17:01:29.873+0000] {standard_task_runner.py:91} INFO - Job 27: Subtask wait_for_download
[2024-06-27T17:01:29.899+0000] {warnings.py:112} WARNING - /home/***/.local/lib/python3.12/site-packages/***/settings.py:195: DeprecationWarning: The sql_alchemy_conn option in [core] has been moved to the sql_alchemy_conn option in [database] - the old setting has been used, but please update your config.
  SQL_ALCHEMY_CONN = conf.get("database", "SQL_ALCHEMY_CONN")

[2024-06-27T17:01:29.969+0000] {task_command.py:426} INFO - Running <TaskInstance: preprocess_data.wait_for_download manual__2024-06-27T17:01:27.814739+00:00 [running]> on host 2e6787201848
[2024-06-27T17:01:30.068+0000] {taskinstance.py:2648} INFO - Exporting env vars: AIRFLOW_CTX_DAG_OWNER='***' AIRFLOW_CTX_DAG_ID='preprocess_data' AIRFLOW_CTX_TASK_ID='wait_for_download' AIRFLOW_CTX_EXECUTION_DATE='2024-06-27T17:01:27.814739+00:00' AIRFLOW_CTX_TRY_NUMBER='1' AIRFLOW_CTX_DAG_RUN_ID='manual__2024-06-27T17:01:27.814739+00:00'
[2024-06-27T17:01:30.069+0000] {taskinstance.py:430} INFO - ::endgroup::
[2024-06-27T17:01:30.093+0000] {baseoperator.py:400} WARNING - ExternalTaskSensor.execute cannot be called outside TaskInstance!
[2024-06-27T17:01:30.110+0000] {external_task.py:258} INFO - Poking for tasks ['download_stock_data'] in dag download_data on 2024-06-27T17:01:27.814739+00:00 ... 
[2024-06-27T17:01:30.111+0000] {warnings.py:112} WARNING - /home/***/.local/lib/python3.12/site-packages/***/utils/session.py:79: DeprecationWarning: This method is deprecated and will be removed in future.
  return func(*args, session=session, **kwargs)

[2024-06-27T17:01:30.122+0000] {taskinstance.py:441} INFO - ::group::Post task execution logs
[2024-06-27T17:01:30.138+0000] {taskinstance.py:2865} INFO - Rescheduling task, marking task as UP_FOR_RESCHEDULE
[2024-06-27T17:01:30.173+0000] {local_task_job_runner.py:240} INFO - Task exited with return code 0
[2024-06-27T17:01:30.214+0000] {taskinstance.py:3503} INFO - 0 downstream tasks scheduled from follow-on schedule check
[2024-06-27T17:01:30.215+0000] {local_task_job_runner.py:222} INFO - ::endgroup::
[2024-06-27T17:03:09.739+0000] {local_task_job_runner.py:120} INFO - ::group::Pre task execution logs
[2024-06-27T17:03:09.777+0000] {taskinstance.py:2076} INFO - Dependencies all met for dep_context=non-requeueable deps ti=<TaskInstance: preprocess_data.wait_for_download manual__2024-06-27T17:01:27.814739+00:00 [queued]>
[2024-06-27T17:03:09.783+0000] {taskinstance.py:2076} INFO - Dependencies all met for dep_context=requeueable deps ti=<TaskInstance: preprocess_data.wait_for_download manual__2024-06-27T17:01:27.814739+00:00 [queued]>
[2024-06-27T17:03:09.783+0000] {taskinstance.py:2306} INFO - Starting attempt 1 of 2
[2024-06-27T17:03:09.791+0000] {taskinstance.py:2330} INFO - Executing <Task(ExternalTaskSensor): wait_for_download> on 2024-06-27 17:01:27.814739+00:00
[2024-06-27T17:03:09.803+0000] {warnings.py:112} WARNING - /home/***/.local/lib/python3.12/site-packages/***/task/task_runner/standard_task_runner.py:61: DeprecationWarning: This process (pid=118) is multi-threaded, use of fork() may lead to deadlocks in the child.
  pid = os.fork()

[2024-06-27T17:03:09.805+0000] {standard_task_runner.py:63} INFO - Started process 124 to run task
[2024-06-27T17:03:09.806+0000] {standard_task_runner.py:90} INFO - Running: ['***', 'tasks', 'run', 'preprocess_data', 'wait_for_download', 'manual__2024-06-27T17:01:27.814739+00:00', '--job-id', '28', '--raw', '--subdir', 'DAGS_FOLDER/preprocess_data.py', '--cfg-path', '/tmp/tmpusnkm1k6']
[2024-06-27T17:03:09.809+0000] {standard_task_runner.py:91} INFO - Job 28: Subtask wait_for_download
[2024-06-27T17:03:09.841+0000] {warnings.py:112} WARNING - /home/***/.local/lib/python3.12/site-packages/***/settings.py:195: DeprecationWarning: The sql_alchemy_conn option in [core] has been moved to the sql_alchemy_conn option in [database] - the old setting has been used, but please update your config.
  SQL_ALCHEMY_CONN = conf.get("database", "SQL_ALCHEMY_CONN")

[2024-06-27T17:03:09.887+0000] {task_command.py:426} INFO - Running <TaskInstance: preprocess_data.wait_for_download manual__2024-06-27T17:01:27.814739+00:00 [running]> on host 2e6787201848
[2024-06-27T17:03:09.981+0000] {taskinstance.py:2648} INFO - Exporting env vars: AIRFLOW_CTX_DAG_OWNER='***' AIRFLOW_CTX_DAG_ID='preprocess_data' AIRFLOW_CTX_TASK_ID='wait_for_download' AIRFLOW_CTX_EXECUTION_DATE='2024-06-27T17:01:27.814739+00:00' AIRFLOW_CTX_TRY_NUMBER='1' AIRFLOW_CTX_DAG_RUN_ID='manual__2024-06-27T17:01:27.814739+00:00'
[2024-06-27T17:03:09.983+0000] {taskinstance.py:430} INFO - ::endgroup::
[2024-06-27T17:03:09.998+0000] {baseoperator.py:400} WARNING - ExternalTaskSensor.execute cannot be called outside TaskInstance!
[2024-06-27T17:03:10.007+0000] {external_task.py:258} INFO - Poking for tasks ['download_stock_data'] in dag download_data on 2024-06-27T17:01:27.814739+00:00 ... 
[2024-06-27T17:03:10.009+0000] {warnings.py:112} WARNING - /home/***/.local/lib/python3.12/site-packages/***/utils/session.py:79: DeprecationWarning: This method is deprecated and will be removed in future.
  return func(*args, session=session, **kwargs)

[2024-06-27T17:03:10.030+0000] {taskinstance.py:441} INFO - ::group::Post task execution logs
[2024-06-27T17:03:10.050+0000] {taskinstance.py:2865} INFO - Rescheduling task, marking task as UP_FOR_RESCHEDULE
[2024-06-27T17:03:10.062+0000] {local_task_job_runner.py:240} INFO - Task exited with return code 0
[2024-06-27T17:03:10.083+0000] {taskinstance.py:3503} INFO - 0 downstream tasks scheduled from follow-on schedule check
[2024-06-27T17:03:10.084+0000] {local_task_job_runner.py:222} INFO - ::endgroup::
[2024-06-27T17:04:11.748+0000] {local_task_job_runner.py:120} INFO - ::group::Pre task execution logs
[2024-06-27T17:04:11.763+0000] {taskinstance.py:2076} INFO - Dependencies all met for dep_context=non-requeueable deps ti=<TaskInstance: preprocess_data.wait_for_download manual__2024-06-27T17:01:27.814739+00:00 [queued]>
[2024-06-27T17:04:11.767+0000] {taskinstance.py:2076} INFO - Dependencies all met for dep_context=requeueable deps ti=<TaskInstance: preprocess_data.wait_for_download manual__2024-06-27T17:01:27.814739+00:00 [queued]>
[2024-06-27T17:04:11.767+0000] {taskinstance.py:2306} INFO - Starting attempt 1 of 2
[2024-06-27T17:04:11.773+0000] {taskinstance.py:2330} INFO - Executing <Task(ExternalTaskSensor): wait_for_download> on 2024-06-27 17:01:27.814739+00:00
[2024-06-27T17:04:11.783+0000] {warnings.py:112} WARNING - /home/***/.local/lib/python3.12/site-packages/***/task/task_runner/standard_task_runner.py:61: DeprecationWarning: This process (pid=125) is multi-threaded, use of fork() may lead to deadlocks in the child.
  pid = os.fork()

[2024-06-27T17:04:11.790+0000] {standard_task_runner.py:63} INFO - Started process 131 to run task
[2024-06-27T17:04:11.783+0000] {standard_task_runner.py:90} INFO - Running: ['***', 'tasks', 'run', 'preprocess_data', 'wait_for_download', 'manual__2024-06-27T17:01:27.814739+00:00', '--job-id', '29', '--raw', '--subdir', 'DAGS_FOLDER/preprocess_data.py', '--cfg-path', '/tmp/tmp91vus335']
[2024-06-27T17:04:11.791+0000] {standard_task_runner.py:91} INFO - Job 29: Subtask wait_for_download
[2024-06-27T17:04:11.806+0000] {warnings.py:112} WARNING - /home/***/.local/lib/python3.12/site-packages/***/settings.py:195: DeprecationWarning: The sql_alchemy_conn option in [core] has been moved to the sql_alchemy_conn option in [database] - the old setting has been used, but please update your config.
  SQL_ALCHEMY_CONN = conf.get("database", "SQL_ALCHEMY_CONN")

[2024-06-27T17:04:11.843+0000] {task_command.py:426} INFO - Running <TaskInstance: preprocess_data.wait_for_download manual__2024-06-27T17:01:27.814739+00:00 [running]> on host 2e6787201848
[2024-06-27T17:04:11.912+0000] {taskinstance.py:2648} INFO - Exporting env vars: AIRFLOW_CTX_DAG_OWNER='***' AIRFLOW_CTX_DAG_ID='preprocess_data' AIRFLOW_CTX_TASK_ID='wait_for_download' AIRFLOW_CTX_EXECUTION_DATE='2024-06-27T17:01:27.814739+00:00' AIRFLOW_CTX_TRY_NUMBER='1' AIRFLOW_CTX_DAG_RUN_ID='manual__2024-06-27T17:01:27.814739+00:00'
[2024-06-27T17:04:11.913+0000] {taskinstance.py:430} INFO - ::endgroup::
[2024-06-27T17:04:11.924+0000] {baseoperator.py:400} WARNING - ExternalTaskSensor.execute cannot be called outside TaskInstance!
[2024-06-27T17:04:11.933+0000] {external_task.py:258} INFO - Poking for tasks ['download_stock_data'] in dag download_data on 2024-06-27T17:01:27.814739+00:00 ... 
[2024-06-27T17:04:11.934+0000] {warnings.py:112} WARNING - /home/***/.local/lib/python3.12/site-packages/***/utils/session.py:79: DeprecationWarning: This method is deprecated and will be removed in future.
  return func(*args, session=session, **kwargs)

[2024-06-27T17:04:11.944+0000] {taskinstance.py:441} INFO - ::group::Post task execution logs
[2024-06-27T17:04:11.958+0000] {taskinstance.py:2865} INFO - Rescheduling task, marking task as UP_FOR_RESCHEDULE
[2024-06-27T17:04:12.007+0000] {local_task_job_runner.py:240} INFO - Task exited with return code 0
[2024-06-27T17:04:12.024+0000] {taskinstance.py:3503} INFO - 0 downstream tasks scheduled from follow-on schedule check
[2024-06-27T17:04:12.025+0000] {local_task_job_runner.py:222} INFO - ::endgroup::
[2024-06-27T17:06:03.225+0000] {local_task_job_runner.py:120} INFO - ::group::Pre task execution logs
[2024-06-27T17:06:03.254+0000] {taskinstance.py:2076} INFO - Dependencies all met for dep_context=non-requeueable deps ti=<TaskInstance: preprocess_data.wait_for_download manual__2024-06-27T17:01:27.814739+00:00 [queued]>
[2024-06-27T17:06:03.260+0000] {taskinstance.py:2076} INFO - Dependencies all met for dep_context=requeueable deps ti=<TaskInstance: preprocess_data.wait_for_download manual__2024-06-27T17:01:27.814739+00:00 [queued]>
[2024-06-27T17:06:03.260+0000] {taskinstance.py:2306} INFO - Starting attempt 1 of 2
[2024-06-27T17:06:03.269+0000] {taskinstance.py:2330} INFO - Executing <Task(ExternalTaskSensor): wait_for_download> on 2024-06-27 17:01:27.814739+00:00
[2024-06-27T17:06:03.278+0000] {warnings.py:112} WARNING - /home/***/.local/lib/python3.12/site-packages/***/task/task_runner/standard_task_runner.py:61: DeprecationWarning: This process (pid=45) is multi-threaded, use of fork() may lead to deadlocks in the child.
  pid = os.fork()

[2024-06-27T17:06:03.282+0000] {standard_task_runner.py:63} INFO - Started process 51 to run task
[2024-06-27T17:06:03.281+0000] {standard_task_runner.py:90} INFO - Running: ['***', 'tasks', 'run', 'preprocess_data', 'wait_for_download', 'manual__2024-06-27T17:01:27.814739+00:00', '--job-id', '31', '--raw', '--subdir', 'DAGS_FOLDER/preprocess_data.py', '--cfg-path', '/tmp/tmpolkrt7fl']
[2024-06-27T17:06:03.284+0000] {standard_task_runner.py:91} INFO - Job 31: Subtask wait_for_download
[2024-06-27T17:06:03.317+0000] {warnings.py:112} WARNING - /home/***/.local/lib/python3.12/site-packages/***/settings.py:195: DeprecationWarning: The sql_alchemy_conn option in [core] has been moved to the sql_alchemy_conn option in [database] - the old setting has been used, but please update your config.
  SQL_ALCHEMY_CONN = conf.get("database", "SQL_ALCHEMY_CONN")

[2024-06-27T17:06:03.387+0000] {task_command.py:426} INFO - Running <TaskInstance: preprocess_data.wait_for_download manual__2024-06-27T17:01:27.814739+00:00 [running]> on host 7a93ce5d799c
[2024-06-27T17:06:03.503+0000] {taskinstance.py:2648} INFO - Exporting env vars: AIRFLOW_CTX_DAG_OWNER='***' AIRFLOW_CTX_DAG_ID='preprocess_data' AIRFLOW_CTX_TASK_ID='wait_for_download' AIRFLOW_CTX_EXECUTION_DATE='2024-06-27T17:01:27.814739+00:00' AIRFLOW_CTX_TRY_NUMBER='1' AIRFLOW_CTX_DAG_RUN_ID='manual__2024-06-27T17:01:27.814739+00:00'
[2024-06-27T17:06:03.506+0000] {taskinstance.py:430} INFO - ::endgroup::
[2024-06-27T17:06:03.563+0000] {baseoperator.py:400} WARNING - ExternalTaskSensor.execute cannot be called outside TaskInstance!
[2024-06-27T17:06:03.575+0000] {external_task.py:258} INFO - Poking for tasks ['download_stock_data'] in dag download_data on 2024-06-27T17:01:27.814739+00:00 ... 
[2024-06-27T17:06:03.576+0000] {warnings.py:112} WARNING - /home/***/.local/lib/python3.12/site-packages/***/utils/session.py:79: DeprecationWarning: This method is deprecated and will be removed in future.
  return func(*args, session=session, **kwargs)

[2024-06-27T17:06:03.588+0000] {taskinstance.py:441} INFO - ::group::Post task execution logs
[2024-06-27T17:06:03.615+0000] {taskinstance.py:2865} INFO - Rescheduling task, marking task as UP_FOR_RESCHEDULE
[2024-06-27T17:06:03.662+0000] {local_task_job_runner.py:240} INFO - Task exited with return code 0
[2024-06-27T17:06:03.715+0000] {taskinstance.py:3503} INFO - 0 downstream tasks scheduled from follow-on schedule check
[2024-06-27T17:06:03.718+0000] {local_task_job_runner.py:222} INFO - ::endgroup::
[2024-06-27T17:07:05.422+0000] {local_task_job_runner.py:120} INFO - ::group::Pre task execution logs
[2024-06-27T17:07:05.450+0000] {taskinstance.py:2076} INFO - Dependencies all met for dep_context=non-requeueable deps ti=<TaskInstance: preprocess_data.wait_for_download manual__2024-06-27T17:01:27.814739+00:00 [queued]>
[2024-06-27T17:07:05.455+0000] {taskinstance.py:2076} INFO - Dependencies all met for dep_context=requeueable deps ti=<TaskInstance: preprocess_data.wait_for_download manual__2024-06-27T17:01:27.814739+00:00 [queued]>
[2024-06-27T17:07:05.455+0000] {taskinstance.py:2306} INFO - Starting attempt 1 of 2
[2024-06-27T17:07:05.462+0000] {taskinstance.py:2330} INFO - Executing <Task(ExternalTaskSensor): wait_for_download> on 2024-06-27 17:01:27.814739+00:00
[2024-06-27T17:07:05.493+0000] {warnings.py:112} WARNING - /home/***/.local/lib/python3.12/site-packages/***/task/task_runner/standard_task_runner.py:61: DeprecationWarning: This process (pid=59) is multi-threaded, use of fork() may lead to deadlocks in the child.
  pid = os.fork()

[2024-06-27T17:07:05.495+0000] {standard_task_runner.py:63} INFO - Started process 65 to run task
[2024-06-27T17:07:05.496+0000] {standard_task_runner.py:90} INFO - Running: ['***', 'tasks', 'run', 'preprocess_data', 'wait_for_download', 'manual__2024-06-27T17:01:27.814739+00:00', '--job-id', '33', '--raw', '--subdir', 'DAGS_FOLDER/preprocess_data.py', '--cfg-path', '/tmp/tmp9jwnhlfd']
[2024-06-27T17:07:05.499+0000] {standard_task_runner.py:91} INFO - Job 33: Subtask wait_for_download
[2024-06-27T17:07:05.511+0000] {warnings.py:112} WARNING - /home/***/.local/lib/python3.12/site-packages/***/settings.py:195: DeprecationWarning: The sql_alchemy_conn option in [core] has been moved to the sql_alchemy_conn option in [database] - the old setting has been used, but please update your config.
  SQL_ALCHEMY_CONN = conf.get("database", "SQL_ALCHEMY_CONN")

[2024-06-27T17:07:05.549+0000] {task_command.py:426} INFO - Running <TaskInstance: preprocess_data.wait_for_download manual__2024-06-27T17:01:27.814739+00:00 [running]> on host 7a93ce5d799c
[2024-06-27T17:07:05.623+0000] {taskinstance.py:2648} INFO - Exporting env vars: AIRFLOW_CTX_DAG_OWNER='***' AIRFLOW_CTX_DAG_ID='preprocess_data' AIRFLOW_CTX_TASK_ID='wait_for_download' AIRFLOW_CTX_EXECUTION_DATE='2024-06-27T17:01:27.814739+00:00' AIRFLOW_CTX_TRY_NUMBER='1' AIRFLOW_CTX_DAG_RUN_ID='manual__2024-06-27T17:01:27.814739+00:00'
[2024-06-27T17:07:05.624+0000] {taskinstance.py:430} INFO - ::endgroup::
[2024-06-27T17:07:05.637+0000] {baseoperator.py:400} WARNING - ExternalTaskSensor.execute cannot be called outside TaskInstance!
[2024-06-27T17:07:05.644+0000] {external_task.py:258} INFO - Poking for tasks ['download_stock_data'] in dag download_data on 2024-06-27T17:01:27.814739+00:00 ... 
[2024-06-27T17:07:05.645+0000] {warnings.py:112} WARNING - /home/***/.local/lib/python3.12/site-packages/***/utils/session.py:79: DeprecationWarning: This method is deprecated and will be removed in future.
  return func(*args, session=session, **kwargs)

[2024-06-27T17:07:05.653+0000] {taskinstance.py:441} INFO - ::group::Post task execution logs
[2024-06-27T17:07:05.665+0000] {taskinstance.py:2865} INFO - Rescheduling task, marking task as UP_FOR_RESCHEDULE
[2024-06-27T17:07:05.713+0000] {local_task_job_runner.py:240} INFO - Task exited with return code 0
[2024-06-27T17:07:05.737+0000] {taskinstance.py:3503} INFO - 0 downstream tasks scheduled from follow-on schedule check
[2024-06-27T17:07:05.738+0000] {local_task_job_runner.py:222} INFO - ::endgroup::
[2024-06-27T17:08:07.614+0000] {local_task_job_runner.py:120} INFO - ::group::Pre task execution logs
[2024-06-27T17:08:07.736+0000] {taskinstance.py:2076} INFO - Dependencies all met for dep_context=non-requeueable deps ti=<TaskInstance: preprocess_data.wait_for_download manual__2024-06-27T17:01:27.814739+00:00 [queued]>
[2024-06-27T17:08:07.783+0000] {taskinstance.py:2076} INFO - Dependencies all met for dep_context=requeueable deps ti=<TaskInstance: preprocess_data.wait_for_download manual__2024-06-27T17:01:27.814739+00:00 [queued]>
[2024-06-27T17:08:07.784+0000] {taskinstance.py:2306} INFO - Starting attempt 1 of 2
[2024-06-27T17:08:07.800+0000] {taskinstance.py:2330} INFO - Executing <Task(ExternalTaskSensor): wait_for_download> on 2024-06-27 17:01:27.814739+00:00
[2024-06-27T17:08:07.944+0000] {warnings.py:112} WARNING - /home/***/.local/lib/python3.12/site-packages/***/task/task_runner/standard_task_runner.py:61: DeprecationWarning: This process (pid=73) is multi-threaded, use of fork() may lead to deadlocks in the child.
  pid = os.fork()

[2024-06-27T17:08:07.948+0000] {standard_task_runner.py:63} INFO - Started process 79 to run task
[2024-06-27T17:08:07.950+0000] {standard_task_runner.py:90} INFO - Running: ['***', 'tasks', 'run', 'preprocess_data', 'wait_for_download', 'manual__2024-06-27T17:01:27.814739+00:00', '--job-id', '35', '--raw', '--subdir', 'DAGS_FOLDER/preprocess_data.py', '--cfg-path', '/tmp/tmpeb6ta32r']
[2024-06-27T17:08:07.954+0000] {standard_task_runner.py:91} INFO - Job 35: Subtask wait_for_download
[2024-06-27T17:08:07.986+0000] {warnings.py:112} WARNING - /home/***/.local/lib/python3.12/site-packages/***/settings.py:195: DeprecationWarning: The sql_alchemy_conn option in [core] has been moved to the sql_alchemy_conn option in [database] - the old setting has been used, but please update your config.
  SQL_ALCHEMY_CONN = conf.get("database", "SQL_ALCHEMY_CONN")

[2024-06-27T17:08:08.047+0000] {task_command.py:426} INFO - Running <TaskInstance: preprocess_data.wait_for_download manual__2024-06-27T17:01:27.814739+00:00 [running]> on host 7a93ce5d799c
[2024-06-27T17:08:08.120+0000] {taskinstance.py:2648} INFO - Exporting env vars: AIRFLOW_CTX_DAG_OWNER='***' AIRFLOW_CTX_DAG_ID='preprocess_data' AIRFLOW_CTX_TASK_ID='wait_for_download' AIRFLOW_CTX_EXECUTION_DATE='2024-06-27T17:01:27.814739+00:00' AIRFLOW_CTX_TRY_NUMBER='1' AIRFLOW_CTX_DAG_RUN_ID='manual__2024-06-27T17:01:27.814739+00:00'
[2024-06-27T17:08:08.121+0000] {taskinstance.py:430} INFO - ::endgroup::
[2024-06-27T17:08:08.137+0000] {baseoperator.py:400} WARNING - ExternalTaskSensor.execute cannot be called outside TaskInstance!
[2024-06-27T17:08:08.151+0000] {external_task.py:258} INFO - Poking for tasks ['download_stock_data'] in dag download_data on 2024-06-27T17:01:27.814739+00:00 ... 
[2024-06-27T17:08:08.153+0000] {warnings.py:112} WARNING - /home/***/.local/lib/python3.12/site-packages/***/utils/session.py:79: DeprecationWarning: This method is deprecated and will be removed in future.
  return func(*args, session=session, **kwargs)

[2024-06-27T17:08:08.165+0000] {taskinstance.py:441} INFO - ::group::Post task execution logs
[2024-06-27T17:08:08.199+0000] {taskinstance.py:2865} INFO - Rescheduling task, marking task as UP_FOR_RESCHEDULE
[2024-06-27T17:08:08.250+0000] {local_task_job_runner.py:240} INFO - Task exited with return code 0
[2024-06-27T17:08:08.291+0000] {taskinstance.py:3503} INFO - 0 downstream tasks scheduled from follow-on schedule check
[2024-06-27T17:08:08.293+0000] {local_task_job_runner.py:222} INFO - ::endgroup::
[2024-06-27T17:09:10.233+0000] {local_task_job_runner.py:120} INFO - ::group::Pre task execution logs
[2024-06-27T17:09:10.258+0000] {taskinstance.py:2076} INFO - Dependencies all met for dep_context=non-requeueable deps ti=<TaskInstance: preprocess_data.wait_for_download manual__2024-06-27T17:01:27.814739+00:00 [queued]>
[2024-06-27T17:09:10.267+0000] {taskinstance.py:2076} INFO - Dependencies all met for dep_context=requeueable deps ti=<TaskInstance: preprocess_data.wait_for_download manual__2024-06-27T17:01:27.814739+00:00 [queued]>
[2024-06-27T17:09:10.268+0000] {taskinstance.py:2306} INFO - Starting attempt 1 of 2
[2024-06-27T17:09:10.277+0000] {taskinstance.py:2330} INFO - Executing <Task(ExternalTaskSensor): wait_for_download> on 2024-06-27 17:01:27.814739+00:00
[2024-06-27T17:09:10.291+0000] {warnings.py:112} WARNING - /home/***/.local/lib/python3.12/site-packages/***/task/task_runner/standard_task_runner.py:61: DeprecationWarning: This process (pid=87) is multi-threaded, use of fork() may lead to deadlocks in the child.
  pid = os.fork()

[2024-06-27T17:09:10.293+0000] {standard_task_runner.py:63} INFO - Started process 93 to run task
[2024-06-27T17:09:10.294+0000] {standard_task_runner.py:90} INFO - Running: ['***', 'tasks', 'run', 'preprocess_data', 'wait_for_download', 'manual__2024-06-27T17:01:27.814739+00:00', '--job-id', '37', '--raw', '--subdir', 'DAGS_FOLDER/preprocess_data.py', '--cfg-path', '/tmp/tmpmk2nu0hg']
[2024-06-27T17:09:10.297+0000] {standard_task_runner.py:91} INFO - Job 37: Subtask wait_for_download
[2024-06-27T17:09:10.308+0000] {warnings.py:112} WARNING - /home/***/.local/lib/python3.12/site-packages/***/settings.py:195: DeprecationWarning: The sql_alchemy_conn option in [core] has been moved to the sql_alchemy_conn option in [database] - the old setting has been used, but please update your config.
  SQL_ALCHEMY_CONN = conf.get("database", "SQL_ALCHEMY_CONN")

[2024-06-27T17:09:10.340+0000] {task_command.py:426} INFO - Running <TaskInstance: preprocess_data.wait_for_download manual__2024-06-27T17:01:27.814739+00:00 [running]> on host 7a93ce5d799c
[2024-06-27T17:09:10.395+0000] {taskinstance.py:2648} INFO - Exporting env vars: AIRFLOW_CTX_DAG_OWNER='***' AIRFLOW_CTX_DAG_ID='preprocess_data' AIRFLOW_CTX_TASK_ID='wait_for_download' AIRFLOW_CTX_EXECUTION_DATE='2024-06-27T17:01:27.814739+00:00' AIRFLOW_CTX_TRY_NUMBER='1' AIRFLOW_CTX_DAG_RUN_ID='manual__2024-06-27T17:01:27.814739+00:00'
[2024-06-27T17:09:10.396+0000] {taskinstance.py:430} INFO - ::endgroup::
[2024-06-27T17:09:10.408+0000] {baseoperator.py:400} WARNING - ExternalTaskSensor.execute cannot be called outside TaskInstance!
[2024-06-27T17:09:10.415+0000] {external_task.py:258} INFO - Poking for tasks ['download_stock_data'] in dag download_data on 2024-06-27T17:01:27.814739+00:00 ... 
[2024-06-27T17:09:10.416+0000] {warnings.py:112} WARNING - /home/***/.local/lib/python3.12/site-packages/***/utils/session.py:79: DeprecationWarning: This method is deprecated and will be removed in future.
  return func(*args, session=session, **kwargs)

[2024-06-27T17:09:10.426+0000] {taskinstance.py:441} INFO - ::group::Post task execution logs
[2024-06-27T17:09:10.444+0000] {taskinstance.py:2865} INFO - Rescheduling task, marking task as UP_FOR_RESCHEDULE
[2024-06-27T17:09:10.468+0000] {local_task_job_runner.py:240} INFO - Task exited with return code 0
[2024-06-27T17:09:10.485+0000] {taskinstance.py:3503} INFO - 0 downstream tasks scheduled from follow-on schedule check
[2024-06-27T17:09:10.486+0000] {local_task_job_runner.py:222} INFO - ::endgroup::
[2024-06-27T17:10:12.291+0000] {local_task_job_runner.py:120} INFO - ::group::Pre task execution logs
[2024-06-27T17:10:12.311+0000] {taskinstance.py:2076} INFO - Dependencies all met for dep_context=non-requeueable deps ti=<TaskInstance: preprocess_data.wait_for_download manual__2024-06-27T17:01:27.814739+00:00 [queued]>
[2024-06-27T17:10:12.315+0000] {taskinstance.py:2076} INFO - Dependencies all met for dep_context=requeueable deps ti=<TaskInstance: preprocess_data.wait_for_download manual__2024-06-27T17:01:27.814739+00:00 [queued]>
[2024-06-27T17:10:12.315+0000] {taskinstance.py:2306} INFO - Starting attempt 1 of 2
[2024-06-27T17:10:12.322+0000] {taskinstance.py:2330} INFO - Executing <Task(ExternalTaskSensor): wait_for_download> on 2024-06-27 17:01:27.814739+00:00
[2024-06-27T17:10:12.340+0000] {warnings.py:112} WARNING - /home/***/.local/lib/python3.12/site-packages/***/task/task_runner/standard_task_runner.py:61: DeprecationWarning: This process (pid=101) is multi-threaded, use of fork() may lead to deadlocks in the child.
  pid = os.fork()

[2024-06-27T17:10:12.342+0000] {standard_task_runner.py:63} INFO - Started process 107 to run task
[2024-06-27T17:10:12.342+0000] {standard_task_runner.py:90} INFO - Running: ['***', 'tasks', 'run', 'preprocess_data', 'wait_for_download', 'manual__2024-06-27T17:01:27.814739+00:00', '--job-id', '39', '--raw', '--subdir', 'DAGS_FOLDER/preprocess_data.py', '--cfg-path', '/tmp/tmpd0s676pp']
[2024-06-27T17:10:12.345+0000] {standard_task_runner.py:91} INFO - Job 39: Subtask wait_for_download
[2024-06-27T17:10:12.358+0000] {warnings.py:112} WARNING - /home/***/.local/lib/python3.12/site-packages/***/settings.py:195: DeprecationWarning: The sql_alchemy_conn option in [core] has been moved to the sql_alchemy_conn option in [database] - the old setting has been used, but please update your config.
  SQL_ALCHEMY_CONN = conf.get("database", "SQL_ALCHEMY_CONN")

[2024-06-27T17:10:12.386+0000] {task_command.py:426} INFO - Running <TaskInstance: preprocess_data.wait_for_download manual__2024-06-27T17:01:27.814739+00:00 [running]> on host 7a93ce5d799c
[2024-06-27T17:10:12.441+0000] {taskinstance.py:2648} INFO - Exporting env vars: AIRFLOW_CTX_DAG_OWNER='***' AIRFLOW_CTX_DAG_ID='preprocess_data' AIRFLOW_CTX_TASK_ID='wait_for_download' AIRFLOW_CTX_EXECUTION_DATE='2024-06-27T17:01:27.814739+00:00' AIRFLOW_CTX_TRY_NUMBER='1' AIRFLOW_CTX_DAG_RUN_ID='manual__2024-06-27T17:01:27.814739+00:00'
[2024-06-27T17:10:12.443+0000] {taskinstance.py:430} INFO - ::endgroup::
[2024-06-27T17:10:12.452+0000] {baseoperator.py:400} WARNING - ExternalTaskSensor.execute cannot be called outside TaskInstance!
[2024-06-27T17:10:12.459+0000] {external_task.py:258} INFO - Poking for tasks ['download_stock_data'] in dag download_data on 2024-06-27T17:01:27.814739+00:00 ... 
[2024-06-27T17:10:12.460+0000] {warnings.py:112} WARNING - /home/***/.local/lib/python3.12/site-packages/***/utils/session.py:79: DeprecationWarning: This method is deprecated and will be removed in future.
  return func(*args, session=session, **kwargs)

[2024-06-27T17:10:12.469+0000] {taskinstance.py:441} INFO - ::group::Post task execution logs
[2024-06-27T17:10:12.481+0000] {taskinstance.py:2865} INFO - Rescheduling task, marking task as UP_FOR_RESCHEDULE
[2024-06-27T17:10:12.519+0000] {local_task_job_runner.py:240} INFO - Task exited with return code 0
[2024-06-27T17:10:12.535+0000] {taskinstance.py:3503} INFO - 0 downstream tasks scheduled from follow-on schedule check
[2024-06-27T17:10:12.536+0000] {local_task_job_runner.py:222} INFO - ::endgroup::
