[2024-06-27T16:21:58.777+0000] {local_task_job_runner.py:120} INFO - ::group::Pre task execution logs
[2024-06-27T16:21:58.797+0000] {taskinstance.py:2076} INFO - Dependencies all met for dep_context=non-requeueable deps ti=<TaskInstance: download_data.download_stock_data manual__2024-06-27T16:21:55.627357+00:00 [queued]>
[2024-06-27T16:21:58.802+0000] {taskinstance.py:2076} INFO - Dependencies all met for dep_context=requeueable deps ti=<TaskInstance: download_data.download_stock_data manual__2024-06-27T16:21:55.627357+00:00 [queued]>
[2024-06-27T16:21:58.803+0000] {taskinstance.py:2306} INFO - Starting attempt 1 of 2
[2024-06-27T16:21:58.809+0000] {taskinstance.py:2330} INFO - Executing <Task(PythonOperator): download_stock_data> on 2024-06-27 16:21:55.627357+00:00
[2024-06-27T16:21:58.817+0000] {warnings.py:112} WARNING - /home/***/.local/lib/python3.12/site-packages/***/task/task_runner/standard_task_runner.py:61: DeprecationWarning: This process (pid=44) is multi-threaded, use of fork() may lead to deadlocks in the child.
  pid = os.fork()

[2024-06-27T16:21:58.823+0000] {standard_task_runner.py:63} INFO - Started process 46 to run task
[2024-06-27T16:21:58.821+0000] {standard_task_runner.py:90} INFO - Running: ['***', 'tasks', 'run', 'download_data', 'download_stock_data', 'manual__2024-06-27T16:21:55.627357+00:00', '--job-id', '7', '--raw', '--subdir', 'DAGS_FOLDER/download_data.py', '--cfg-path', '/tmp/tmpdg9_xbk9']
[2024-06-27T16:21:58.828+0000] {standard_task_runner.py:91} INFO - Job 7: Subtask download_stock_data
[2024-06-27T16:21:58.849+0000] {warnings.py:112} WARNING - /home/***/.local/lib/python3.12/site-packages/***/settings.py:195: DeprecationWarning: The sql_alchemy_conn option in [core] has been moved to the sql_alchemy_conn option in [database] - the old setting has been used, but please update your config.
  SQL_ALCHEMY_CONN = conf.get("database", "SQL_ALCHEMY_CONN")

[2024-06-27T16:21:58.880+0000] {task_command.py:426} INFO - Running <TaskInstance: download_data.download_stock_data manual__2024-06-27T16:21:55.627357+00:00 [running]> on host dc4243757e06
[2024-06-27T16:21:58.957+0000] {taskinstance.py:2648} INFO - Exporting env vars: AIRFLOW_CTX_DAG_OWNER='***' AIRFLOW_CTX_DAG_ID='download_data' AIRFLOW_CTX_TASK_ID='download_stock_data' AIRFLOW_CTX_EXECUTION_DATE='2024-06-27T16:21:55.627357+00:00' AIRFLOW_CTX_TRY_NUMBER='1' AIRFLOW_CTX_DAG_RUN_ID='manual__2024-06-27T16:21:55.627357+00:00'
[2024-06-27T16:21:58.958+0000] {taskinstance.py:430} INFO - ::endgroup::
[2024-06-27T16:21:58.985+0000] {download_data.py:18} INFO - Starting data download for AAPL for period 1y
[2024-06-27T16:21:58.987+0000] {logging_mixin.py:188} INFO - yfinance: pandas_datareader support is deprecated & semi-broken so will be removed in a future verison. Just use yfinance.
[2024-06-27T16:21:59.790+0000] {logging_mixin.py:188} WARNING - [*********************100%%**********************]  1 of 1 completed
[2024-06-27T16:21:59.791+0000] {download_data.py:21} INFO - Data download complete, number of rows downloaded: 253
[2024-06-27T16:21:59.801+0000] {download_data.py:23} INFO - Data saved to /opt/***/data/data.csv
[2024-06-27T16:21:59.801+0000] {python.py:237} INFO - Done. Returned value was: None
[2024-06-27T16:21:59.802+0000] {taskinstance.py:441} INFO - ::group::Post task execution logs
[2024-06-27T16:21:59.811+0000] {taskinstance.py:1206} INFO - Marking task as SUCCESS. dag_id=download_data, task_id=download_stock_data, run_id=manual__2024-06-27T16:21:55.627357+00:00, execution_date=20240627T162155, start_date=20240627T162158, end_date=20240627T162159
[2024-06-27T16:21:59.853+0000] {local_task_job_runner.py:240} INFO - Task exited with return code 0
[2024-06-27T16:21:59.865+0000] {taskinstance.py:3503} INFO - 0 downstream tasks scheduled from follow-on schedule check
[2024-06-27T16:21:59.866+0000] {local_task_job_runner.py:222} INFO - ::endgroup::
