[2024-06-27T16:15:40.530+0000] {local_task_job_runner.py:120} INFO - ::group::Pre task execution logs
[2024-06-27T16:15:40.549+0000] {taskinstance.py:2076} INFO - Dependencies all met for dep_context=non-requeueable deps ti=<TaskInstance: download_data.download_stock_data manual__2024-06-27T16:15:38.739267+00:00 [queued]>
[2024-06-27T16:15:40.553+0000] {taskinstance.py:2076} INFO - Dependencies all met for dep_context=requeueable deps ti=<TaskInstance: download_data.download_stock_data manual__2024-06-27T16:15:38.739267+00:00 [queued]>
[2024-06-27T16:15:40.554+0000] {taskinstance.py:2306} INFO - Starting attempt 1 of 2
[2024-06-27T16:15:40.560+0000] {taskinstance.py:2330} INFO - Executing <Task(PythonOperator): download_stock_data> on 2024-06-27 16:15:38.739267+00:00
[2024-06-27T16:15:40.569+0000] {warnings.py:112} WARNING - /home/***/.local/lib/python3.12/site-packages/***/task/task_runner/standard_task_runner.py:61: DeprecationWarning: This process (pid=55) is multi-threaded, use of fork() may lead to deadlocks in the child.
  pid = os.fork()

[2024-06-27T16:15:40.570+0000] {standard_task_runner.py:63} INFO - Started process 57 to run task
[2024-06-27T16:15:40.570+0000] {standard_task_runner.py:90} INFO - Running: ['***', 'tasks', 'run', 'download_data', 'download_stock_data', 'manual__2024-06-27T16:15:38.739267+00:00', '--job-id', '4', '--raw', '--subdir', 'DAGS_FOLDER/download_data.py', '--cfg-path', '/tmp/tmppmw68mti']
[2024-06-27T16:15:40.572+0000] {standard_task_runner.py:91} INFO - Job 4: Subtask download_stock_data
[2024-06-27T16:15:40.584+0000] {warnings.py:112} WARNING - /home/***/.local/lib/python3.12/site-packages/***/settings.py:195: DeprecationWarning: The sql_alchemy_conn option in [core] has been moved to the sql_alchemy_conn option in [database] - the old setting has been used, but please update your config.
  SQL_ALCHEMY_CONN = conf.get("database", "SQL_ALCHEMY_CONN")

[2024-06-27T16:15:40.618+0000] {task_command.py:426} INFO - Running <TaskInstance: download_data.download_stock_data manual__2024-06-27T16:15:38.739267+00:00 [running]> on host e1bac596bd02
[2024-06-27T16:15:40.683+0000] {taskinstance.py:2648} INFO - Exporting env vars: AIRFLOW_CTX_DAG_OWNER='***' AIRFLOW_CTX_DAG_ID='download_data' AIRFLOW_CTX_TASK_ID='download_stock_data' AIRFLOW_CTX_EXECUTION_DATE='2024-06-27T16:15:38.739267+00:00' AIRFLOW_CTX_TRY_NUMBER='1' AIRFLOW_CTX_DAG_RUN_ID='manual__2024-06-27T16:15:38.739267+00:00'
[2024-06-27T16:15:40.683+0000] {taskinstance.py:430} INFO - ::endgroup::
[2024-06-27T16:15:40.694+0000] {download_data.py:18} INFO - Starting data download for AAPL for period 1y
[2024-06-27T16:15:40.694+0000] {logging_mixin.py:188} INFO - yfinance: pandas_datareader support is deprecated & semi-broken so will be removed in a future verison. Just use yfinance.
[2024-06-27T16:15:41.184+0000] {logging_mixin.py:188} WARNING - [*********************100%%**********************]  1 of 1 completed
[2024-06-27T16:15:41.185+0000] {download_data.py:21} INFO - Data download complete, number of rows downloaded: 253
[2024-06-27T16:15:41.200+0000] {download_data.py:23} INFO - Data saved to /opt/***/data/data.csv
[2024-06-27T16:15:41.201+0000] {python.py:237} INFO - Done. Returned value was: None
[2024-06-27T16:15:41.202+0000] {taskinstance.py:441} INFO - ::group::Post task execution logs
[2024-06-27T16:15:41.218+0000] {taskinstance.py:1206} INFO - Marking task as SUCCESS. dag_id=download_data, task_id=download_stock_data, run_id=manual__2024-06-27T16:15:38.739267+00:00, execution_date=20240627T161538, start_date=20240627T161540, end_date=20240627T161541
[2024-06-27T16:15:41.276+0000] {local_task_job_runner.py:240} INFO - Task exited with return code 0
[2024-06-27T16:15:41.290+0000] {taskinstance.py:3503} INFO - 0 downstream tasks scheduled from follow-on schedule check
[2024-06-27T16:15:41.291+0000] {local_task_job_runner.py:222} INFO - ::endgroup::
